2024-10-15 15:57:28,727 - default_log - DEBUG - reorder_point_optimization
2024-10-15 15:57:28,751 - default_log - DEBUG - new_function
2024-10-15 15:57:28,752 - default_log - DEBUG - warehouse_demand_mean_approximation
2024-10-15 15:57:28,753 - default_log - DEBUG - warehouse_demand_mean_approximation ended.
2024-10-15 15:57:28,754 - default_log - DEBUG - warehouse_demand_variance_approximation
2024-10-15 15:57:28,754 - default_log - DEBUG - warehouse_demand_variance_term
2024-10-15 15:57:28,755 - default_log - DEBUG - pmf_func_warehouse_subbatch_demand
2024-10-15 15:57:29,221 - default_log - DEBUG - delta_func_Empiric_Compound_Poisson_demand
2024-10-15 15:57:29,222 - default_log - DEBUG - delta_func_Empiric_Compound_Poisson_demand ended.
2024-10-15 15:57:29,223 - default_log - DEBUG - delta_func_Empiric_Compound_Poisson_demand
2024-10-15 15:57:29,223 - default_log - DEBUG - delta_func_Empiric_Compound_Poisson_demand ended.
2024-10-15 15:57:29,225 - default_log - DEBUG - delta_func_Empiric_Compound_Poisson_demand
2024-10-15 15:57:29,225 - default_log - DEBUG - delta_func_Empiric_Compound_Poisson_demand ended.
2024-10-15 15:57:29,226 - default_log - DEBUG - delta_func_Empiric_Compound_Poisson_demand
2024-10-15 15:57:29,226 - default_log - DEBUG - delta_func_Empiric_Compound_Poisson_demand ended.
2024-10-15 15:57:29,227 - default_log - DEBUG - delta_func_Empiric_Compound_Poisson_demand
2024-10-15 15:57:29,227 - default_log - DEBUG - delta_func_Empiric_Compound_Poisson_demand ended.
2024-10-15 15:57:29,227 - default_log - DEBUG - delta_func_Empiric_Compound_Poisson_demand
2024-10-15 15:57:29,228 - default_log - DEBUG - delta_func_Empiric_Compound_Poisson_demand ended.
2024-10-15 15:57:29,228 - default_log - DEBUG - delta_func_Empiric_Compound_Poisson_demand
2024-10-15 15:57:29,228 - default_log - DEBUG - delta_func_Empiric_Compound_Poisson_demand ended.
2024-10-15 15:57:29,229 - default_log - DEBUG - delta_func_Empiric_Compound_Poisson_demand
2024-10-15 15:57:29,229 - default_log - DEBUG - delta_func_Empiric_Compound_Poisson_demand ended.
2024-10-15 15:57:29,229 - default_log - DEBUG - delta_func_Empiric_Compound_Poisson_demand
2024-10-15 15:57:29,230 - default_log - DEBUG - delta_func_Empiric_Compound_Poisson_demand ended.
2024-10-15 15:57:29,230 - default_log - DEBUG - delta_func_Empiric_Compound_Poisson_demand
2024-10-15 15:57:29,231 - default_log - DEBUG - delta_func_Empiric_Compound_Poisson_demand ended.
2024-10-15 15:57:29,231 - default_log - DEBUG - delta_func_Empiric_Compound_Poisson_demand
2024-10-15 15:57:29,231 - default_log - DEBUG - delta_func_Empiric_Compound_Poisson_demand ended.
2024-10-15 15:57:29,232 - default_log - DEBUG - delta_func_Empiric_Compound_Poisson_demand
2024-10-15 15:57:29,232 - default_log - DEBUG - delta_func_Empiric_Compound_Poisson_demand ended.
2024-10-15 15:57:29,232 - default_log - DEBUG - pmf_func_warehouse_subbatch_demand ended.
2024-10-15 15:57:29,233 - default_log - DEBUG - warehouse_demand_variance_term ended.
2024-10-15 15:57:29,233 - default_log - DEBUG - warehouse_demand_variance_term
2024-10-15 15:57:29,234 - default_log - DEBUG - pmf_func_warehouse_subbatch_demand
2024-10-15 15:57:29,236 - default_log - DEBUG - delta_func_Empiric_Compound_Poisson_demand
2024-10-15 15:57:29,237 - default_log - DEBUG - delta_func_Empiric_Compound_Poisson_demand ended.
2024-10-15 15:57:29,238 - default_log - DEBUG - delta_func_Empiric_Compound_Poisson_demand
2024-10-15 15:57:29,239 - default_log - DEBUG - delta_func_Empiric_Compound_Poisson_demand ended.
2024-10-15 15:57:29,240 - default_log - DEBUG - delta_func_Empiric_Compound_Poisson_demand
2024-10-15 15:57:29,241 - default_log - DEBUG - delta_func_Empiric_Compound_Poisson_demand ended.
2024-10-15 15:57:29,242 - default_log - DEBUG - delta_func_Empiric_Compound_Poisson_demand
2024-10-15 15:57:29,242 - default_log - DEBUG - delta_func_Empiric_Compound_Poisson_demand ended.
2024-10-15 15:57:29,243 - default_log - DEBUG - delta_func_Empiric_Compound_Poisson_demand
2024-10-15 15:57:29,244 - default_log - DEBUG - delta_func_Empiric_Compound_Poisson_demand ended.
2024-10-15 15:57:29,245 - default_log - DEBUG - delta_func_Empiric_Compound_Poisson_demand
2024-10-15 15:57:29,247 - default_log - DEBUG - delta_func_Empiric_Compound_Poisson_demand ended.
2024-10-15 15:57:29,247 - default_log - DEBUG - pmf_func_warehouse_subbatch_demand ended.
2024-10-15 15:57:29,247 - default_log - DEBUG - warehouse_demand_variance_term ended.
2024-10-15 15:57:29,247 - default_log - DEBUG - warehouse_demand_variance_term
2024-10-15 15:57:29,248 - default_log - DEBUG - pmf_func_warehouse_subbatch_demand
2024-10-15 15:57:29,265 - default_log - DEBUG - delta_func_Empiric_Compound_Poisson_demand
2024-10-15 15:57:29,267 - default_log - DEBUG - delta_func_Empiric_Compound_Poisson_demand ended.
2024-10-15 15:57:29,268 - default_log - DEBUG - delta_func_Empiric_Compound_Poisson_demand
2024-10-15 15:57:29,269 - default_log - DEBUG - delta_func_Empiric_Compound_Poisson_demand ended.
2024-10-15 15:57:29,270 - default_log - DEBUG - delta_func_Empiric_Compound_Poisson_demand
2024-10-15 15:57:29,271 - default_log - DEBUG - delta_func_Empiric_Compound_Poisson_demand ended.
2024-10-15 15:57:29,271 - default_log - DEBUG - delta_func_Empiric_Compound_Poisson_demand
2024-10-15 15:57:29,272 - default_log - DEBUG - delta_func_Empiric_Compound_Poisson_demand ended.
2024-10-15 15:57:29,273 - default_log - DEBUG - delta_func_Empiric_Compound_Poisson_demand
2024-10-15 15:57:29,273 - default_log - DEBUG - delta_func_Empiric_Compound_Poisson_demand ended.
2024-10-15 15:57:29,274 - default_log - DEBUG - delta_func_Empiric_Compound_Poisson_demand
2024-10-15 15:57:29,274 - default_log - DEBUG - delta_func_Empiric_Compound_Poisson_demand ended.
2024-10-15 15:57:29,276 - default_log - DEBUG - delta_func_Empiric_Compound_Poisson_demand
2024-10-15 15:57:29,277 - default_log - DEBUG - delta_func_Empiric_Compound_Poisson_demand ended.
2024-10-15 15:57:29,277 - default_log - DEBUG - delta_func_Empiric_Compound_Poisson_demand
2024-10-15 15:57:29,279 - default_log - DEBUG - delta_func_Empiric_Compound_Poisson_demand ended.
2024-10-15 15:57:29,280 - default_log - DEBUG - pmf_func_warehouse_subbatch_demand ended.
2024-10-15 15:57:29,280 - default_log - DEBUG - warehouse_demand_variance_term ended.
2024-10-15 15:57:29,281 - default_log - DEBUG - warehouse_demand_variance_term
2024-10-15 15:57:29,281 - default_log - DEBUG - pmf_func_warehouse_subbatch_demand
2024-10-15 15:57:29,287 - default_log - DEBUG - delta_func_Empiric_Compound_Poisson_demand
2024-10-15 15:57:29,288 - default_log - DEBUG - delta_func_Empiric_Compound_Poisson_demand ended.
2024-10-15 15:57:29,288 - default_log - DEBUG - delta_func_Empiric_Compound_Poisson_demand
2024-10-15 15:57:29,289 - default_log - DEBUG - delta_func_Empiric_Compound_Poisson_demand ended.
2024-10-15 15:57:29,290 - default_log - DEBUG - delta_func_Empiric_Compound_Poisson_demand
2024-10-15 15:57:29,290 - default_log - DEBUG - delta_func_Empiric_Compound_Poisson_demand ended.
2024-10-15 15:57:29,291 - default_log - DEBUG - delta_func_Empiric_Compound_Poisson_demand
2024-10-15 15:57:29,292 - default_log - DEBUG - delta_func_Empiric_Compound_Poisson_demand ended.
2024-10-15 15:57:29,293 - default_log - DEBUG - delta_func_Empiric_Compound_Poisson_demand
2024-10-15 15:57:29,294 - default_log - DEBUG - delta_func_Empiric_Compound_Poisson_demand ended.
2024-10-15 15:57:29,295 - default_log - DEBUG - delta_func_Empiric_Compound_Poisson_demand
2024-10-15 15:57:29,296 - default_log - DEBUG - delta_func_Empiric_Compound_Poisson_demand ended.
2024-10-15 15:57:29,296 - default_log - DEBUG - pmf_func_warehouse_subbatch_demand ended.
2024-10-15 15:57:29,297 - default_log - DEBUG - warehouse_demand_variance_term ended.
2024-10-15 15:57:29,297 - default_log - DEBUG - warehouse_demand_variance_term
2024-10-15 15:57:29,298 - default_log - DEBUG - pmf_func_warehouse_subbatch_demand
2024-10-15 15:57:29,299 - default_log - DEBUG - delta_func_Empiric_Compound_Poisson_demand
2024-10-15 15:57:29,299 - default_log - DEBUG - delta_func_Empiric_Compound_Poisson_demand ended.
2024-10-15 15:57:29,300 - default_log - DEBUG - delta_func_Empiric_Compound_Poisson_demand
2024-10-15 15:57:29,301 - default_log - DEBUG - delta_func_Empiric_Compound_Poisson_demand ended.
2024-10-15 15:57:29,301 - default_log - DEBUG - delta_func_Empiric_Compound_Poisson_demand
2024-10-15 15:57:29,302 - default_log - DEBUG - delta_func_Empiric_Compound_Poisson_demand ended.
2024-10-15 15:57:29,302 - default_log - DEBUG - delta_func_Empiric_Compound_Poisson_demand
2024-10-15 15:57:29,303 - default_log - DEBUG - delta_func_Empiric_Compound_Poisson_demand ended.
2024-10-15 15:57:29,304 - default_log - DEBUG - delta_func_Empiric_Compound_Poisson_demand
2024-10-15 15:57:29,304 - default_log - DEBUG - delta_func_Empiric_Compound_Poisson_demand ended.
2024-10-15 15:57:29,304 - default_log - DEBUG - pmf_func_warehouse_subbatch_demand ended.
2024-10-15 15:57:29,305 - default_log - DEBUG - warehouse_demand_variance_term ended.
2024-10-15 15:57:29,305 - default_log - DEBUG - warehouse_demand_variance_term
2024-10-15 15:57:29,306 - default_log - DEBUG - pmf_func_warehouse_subbatch_demand
2024-10-15 15:57:29,306 - default_log - DEBUG - delta_func_Empiric_Compound_Poisson_demand
2024-10-15 15:57:29,307 - default_log - DEBUG - delta_func_Empiric_Compound_Poisson_demand ended.
2024-10-15 15:57:29,307 - default_log - DEBUG - delta_func_Empiric_Compound_Poisson_demand
2024-10-15 15:57:29,308 - default_log - DEBUG - delta_func_Empiric_Compound_Poisson_demand ended.
2024-10-15 15:57:29,308 - default_log - DEBUG - delta_func_Empiric_Compound_Poisson_demand
2024-10-15 15:57:29,309 - default_log - DEBUG - delta_func_Empiric_Compound_Poisson_demand ended.
2024-10-15 15:57:29,309 - default_log - DEBUG - delta_func_Empiric_Compound_Poisson_demand
2024-10-15 15:57:29,310 - default_log - DEBUG - delta_func_Empiric_Compound_Poisson_demand ended.
2024-10-15 15:57:29,310 - default_log - DEBUG - delta_func_Empiric_Compound_Poisson_demand
2024-10-15 15:57:29,311 - default_log - DEBUG - delta_func_Empiric_Compound_Poisson_demand ended.
2024-10-15 15:57:29,311 - default_log - DEBUG - delta_func_Empiric_Compound_Poisson_demand
2024-10-15 15:57:29,312 - default_log - DEBUG - delta_func_Empiric_Compound_Poisson_demand ended.
2024-10-15 15:57:29,312 - default_log - DEBUG - delta_func_Empiric_Compound_Poisson_demand
2024-10-15 15:57:29,313 - default_log - DEBUG - delta_func_Empiric_Compound_Poisson_demand ended.
2024-10-15 15:57:29,313 - default_log - DEBUG - pmf_func_warehouse_subbatch_demand ended.
2024-10-15 15:57:29,314 - default_log - DEBUG - warehouse_demand_variance_term ended.
2024-10-15 15:57:29,314 - default_log - DEBUG - warehouse_demand_variance_term
2024-10-15 15:57:29,314 - default_log - DEBUG - pmf_func_warehouse_subbatch_demand
2024-10-15 15:57:29,319 - default_log - DEBUG - delta_func_Empiric_Compound_Poisson_demand
2024-10-15 15:57:29,319 - default_log - DEBUG - delta_func_Empiric_Compound_Poisson_demand ended.
2024-10-15 15:57:29,320 - default_log - DEBUG - delta_func_Empiric_Compound_Poisson_demand
2024-10-15 15:57:29,320 - default_log - DEBUG - delta_func_Empiric_Compound_Poisson_demand ended.
2024-10-15 15:57:29,321 - default_log - DEBUG - delta_func_Empiric_Compound_Poisson_demand
2024-10-15 15:57:29,322 - default_log - DEBUG - delta_func_Empiric_Compound_Poisson_demand ended.
2024-10-15 15:57:29,322 - default_log - DEBUG - delta_func_Empiric_Compound_Poisson_demand
2024-10-15 15:57:29,323 - default_log - DEBUG - delta_func_Empiric_Compound_Poisson_demand ended.
2024-10-15 15:57:29,323 - default_log - DEBUG - delta_func_Empiric_Compound_Poisson_demand
2024-10-15 15:57:29,324 - default_log - DEBUG - delta_func_Empiric_Compound_Poisson_demand ended.
2024-10-15 15:57:29,325 - default_log - DEBUG - delta_func_Empiric_Compound_Poisson_demand
2024-10-15 15:57:29,327 - default_log - DEBUG - delta_func_Empiric_Compound_Poisson_demand ended.
2024-10-15 15:57:29,327 - default_log - DEBUG - pmf_func_warehouse_subbatch_demand ended.
2024-10-15 15:57:29,327 - default_log - DEBUG - warehouse_demand_variance_term ended.
2024-10-15 15:57:29,328 - default_log - DEBUG - warehouse_demand_variance_term
2024-10-15 15:57:29,328 - default_log - DEBUG - pmf_func_warehouse_subbatch_demand
2024-10-15 15:57:29,329 - default_log - DEBUG - delta_func_Empiric_Compound_Poisson_demand
2024-10-15 15:57:29,329 - default_log - DEBUG - delta_func_Empiric_Compound_Poisson_demand ended.
2024-10-15 15:57:29,329 - default_log - DEBUG - delta_func_Empiric_Compound_Poisson_demand
2024-10-15 15:57:29,330 - default_log - DEBUG - delta_func_Empiric_Compound_Poisson_demand ended.
2024-10-15 15:57:29,330 - default_log - DEBUG - delta_func_Empiric_Compound_Poisson_demand
2024-10-15 15:57:29,331 - default_log - DEBUG - delta_func_Empiric_Compound_Poisson_demand ended.
2024-10-15 15:57:29,332 - default_log - DEBUG - delta_func_Empiric_Compound_Poisson_demand
2024-10-15 15:57:29,332 - default_log - DEBUG - delta_func_Empiric_Compound_Poisson_demand ended.
2024-10-15 15:57:29,333 - default_log - DEBUG - delta_func_Empiric_Compound_Poisson_demand
2024-10-15 15:57:29,333 - default_log - DEBUG - delta_func_Empiric_Compound_Poisson_demand ended.
2024-10-15 15:57:29,334 - default_log - DEBUG - pmf_func_warehouse_subbatch_demand ended.
2024-10-15 15:57:29,334 - default_log - DEBUG - warehouse_demand_variance_term ended.
2024-10-15 15:57:29,334 - default_log - DEBUG - warehouse_demand_variance_term
2024-10-15 15:57:29,335 - default_log - DEBUG - pmf_func_warehouse_subbatch_demand
2024-10-15 15:57:29,335 - default_log - DEBUG - delta_func_Empiric_Compound_Poisson_demand
2024-10-15 15:57:29,336 - default_log - DEBUG - delta_func_Empiric_Compound_Poisson_demand ended.
2024-10-15 15:57:29,336 - default_log - DEBUG - delta_func_Empiric_Compound_Poisson_demand
2024-10-15 15:57:29,336 - default_log - DEBUG - delta_func_Empiric_Compound_Poisson_demand ended.
2024-10-15 15:57:29,337 - default_log - DEBUG - delta_func_Empiric_Compound_Poisson_demand
2024-10-15 15:57:29,337 - default_log - DEBUG - delta_func_Empiric_Compound_Poisson_demand ended.
2024-10-15 15:57:29,338 - default_log - DEBUG - delta_func_Empiric_Compound_Poisson_demand
2024-10-15 15:57:29,338 - default_log - DEBUG - delta_func_Empiric_Compound_Poisson_demand ended.
2024-10-15 15:57:29,339 - default_log - DEBUG - delta_func_Empiric_Compound_Poisson_demand
2024-10-15 15:57:29,339 - default_log - DEBUG - delta_func_Empiric_Compound_Poisson_demand ended.
2024-10-15 15:57:29,339 - default_log - DEBUG - delta_func_Empiric_Compound_Poisson_demand
2024-10-15 15:57:29,339 - default_log - DEBUG - delta_func_Empiric_Compound_Poisson_demand ended.
2024-10-15 15:57:29,340 - default_log - DEBUG - pmf_func_warehouse_subbatch_demand ended.
2024-10-15 15:57:29,340 - default_log - DEBUG - warehouse_demand_variance_term ended.
2024-10-15 15:57:29,341 - default_log - DEBUG - warehouse_demand_variance_term
2024-10-15 15:57:29,341 - default_log - DEBUG - pmf_func_warehouse_subbatch_demand
2024-10-15 15:57:29,342 - default_log - DEBUG - delta_func_Empiric_Compound_Poisson_demand
2024-10-15 15:57:29,343 - default_log - DEBUG - delta_func_Empiric_Compound_Poisson_demand ended.
2024-10-15 15:57:29,344 - default_log - DEBUG - delta_func_Empiric_Compound_Poisson_demand
2024-10-15 15:57:29,344 - default_log - DEBUG - delta_func_Empiric_Compound_Poisson_demand ended.
2024-10-15 15:57:29,345 - default_log - DEBUG - delta_func_Empiric_Compound_Poisson_demand
2024-10-15 15:57:29,345 - default_log - DEBUG - delta_func_Empiric_Compound_Poisson_demand ended.
2024-10-15 15:57:29,346 - default_log - DEBUG - delta_func_Empiric_Compound_Poisson_demand
2024-10-15 15:57:29,346 - default_log - DEBUG - delta_func_Empiric_Compound_Poisson_demand ended.
2024-10-15 15:57:29,346 - default_log - DEBUG - delta_func_Empiric_Compound_Poisson_demand
2024-10-15 15:57:29,347 - default_log - DEBUG - delta_func_Empiric_Compound_Poisson_demand ended.
2024-10-15 15:57:29,347 - default_log - DEBUG - pmf_func_warehouse_subbatch_demand ended.
2024-10-15 15:57:29,347 - default_log - DEBUG - warehouse_demand_variance_term ended.
2024-10-15 15:57:29,348 - default_log - DEBUG - warehouse_demand_variance_term
2024-10-15 15:57:29,348 - default_log - DEBUG - pmf_func_warehouse_subbatch_demand
2024-10-15 15:57:29,348 - default_log - DEBUG - delta_func_Empiric_Compound_Poisson_demand
2024-10-15 15:57:29,348 - default_log - DEBUG - delta_func_Empiric_Compound_Poisson_demand ended.
2024-10-15 15:57:29,350 - default_log - DEBUG - delta_func_Empiric_Compound_Poisson_demand
2024-10-15 15:57:29,350 - default_log - DEBUG - delta_func_Empiric_Compound_Poisson_demand ended.
2024-10-15 15:57:29,350 - default_log - DEBUG - delta_func_Empiric_Compound_Poisson_demand
2024-10-15 15:57:29,351 - default_log - DEBUG - delta_func_Empiric_Compound_Poisson_demand ended.
2024-10-15 15:57:29,351 - default_log - DEBUG - pmf_func_warehouse_subbatch_demand ended.
2024-10-15 15:57:29,351 - default_log - DEBUG - warehouse_demand_variance_term ended.
2024-10-15 15:57:29,352 - default_log - DEBUG - warehouse_demand_variance_term
2024-10-15 15:57:29,352 - default_log - DEBUG - pmf_func_warehouse_subbatch_demand
2024-10-15 15:57:29,357 - default_log - DEBUG - delta_func_Empiric_Compound_Poisson_demand
2024-10-15 15:57:29,358 - default_log - DEBUG - delta_func_Empiric_Compound_Poisson_demand ended.
2024-10-15 15:57:29,358 - default_log - DEBUG - delta_func_Empiric_Compound_Poisson_demand
2024-10-15 15:57:29,359 - default_log - DEBUG - delta_func_Empiric_Compound_Poisson_demand ended.
2024-10-15 15:57:29,360 - default_log - DEBUG - delta_func_Empiric_Compound_Poisson_demand
2024-10-15 15:57:29,360 - default_log - DEBUG - delta_func_Empiric_Compound_Poisson_demand ended.
2024-10-15 15:57:29,361 - default_log - DEBUG - delta_func_Empiric_Compound_Poisson_demand
2024-10-15 15:57:29,362 - default_log - DEBUG - delta_func_Empiric_Compound_Poisson_demand ended.
2024-10-15 15:57:29,362 - default_log - DEBUG - delta_func_Empiric_Compound_Poisson_demand
2024-10-15 15:57:29,362 - default_log - DEBUG - delta_func_Empiric_Compound_Poisson_demand ended.
2024-10-15 15:57:29,363 - default_log - DEBUG - delta_func_Empiric_Compound_Poisson_demand
2024-10-15 15:57:29,363 - default_log - DEBUG - delta_func_Empiric_Compound_Poisson_demand ended.
2024-10-15 15:57:29,365 - default_log - DEBUG - delta_func_Empiric_Compound_Poisson_demand
2024-10-15 15:57:29,365 - default_log - DEBUG - delta_func_Empiric_Compound_Poisson_demand ended.
2024-10-15 15:57:29,366 - default_log - DEBUG - delta_func_Empiric_Compound_Poisson_demand
2024-10-15 15:57:29,366 - default_log - DEBUG - delta_func_Empiric_Compound_Poisson_demand ended.
2024-10-15 15:57:29,367 - default_log - DEBUG - delta_func_Empiric_Compound_Poisson_demand
2024-10-15 15:57:29,367 - default_log - DEBUG - delta_func_Empiric_Compound_Poisson_demand ended.
2024-10-15 15:57:29,368 - default_log - DEBUG - delta_func_Empiric_Compound_Poisson_demand
2024-10-15 15:57:29,368 - default_log - DEBUG - delta_func_Empiric_Compound_Poisson_demand ended.
2024-10-15 15:57:29,369 - default_log - DEBUG - delta_func_Empiric_Compound_Poisson_demand
2024-10-15 15:57:29,369 - default_log - DEBUG - delta_func_Empiric_Compound_Poisson_demand ended.
2024-10-15 15:57:29,369 - default_log - DEBUG - delta_func_Empiric_Compound_Poisson_demand
2024-10-15 15:57:29,370 - default_log - DEBUG - delta_func_Empiric_Compound_Poisson_demand ended.
2024-10-15 15:57:29,370 - default_log - DEBUG - delta_func_Empiric_Compound_Poisson_demand
2024-10-15 15:57:29,370 - default_log - DEBUG - delta_func_Empiric_Compound_Poisson_demand ended.
2024-10-15 15:57:29,371 - default_log - DEBUG - delta_func_Empiric_Compound_Poisson_demand
2024-10-15 15:57:29,371 - default_log - DEBUG - delta_func_Empiric_Compound_Poisson_demand ended.
2024-10-15 15:57:29,371 - default_log - DEBUG - pmf_func_warehouse_subbatch_demand ended.
2024-10-15 15:57:29,372 - default_log - DEBUG - warehouse_demand_variance_term ended.
2024-10-15 15:57:29,372 - default_log - DEBUG - warehouse_demand_variance_term
2024-10-15 15:57:29,372 - default_log - DEBUG - pmf_func_warehouse_subbatch_demand
2024-10-15 15:57:29,374 - default_log - DEBUG - delta_func_Empiric_Compound_Poisson_demand
2024-10-15 15:57:29,376 - default_log - DEBUG - delta_func_Empiric_Compound_Poisson_demand ended.
2024-10-15 15:57:29,376 - default_log - DEBUG - delta_func_Empiric_Compound_Poisson_demand
2024-10-15 15:57:29,377 - default_log - DEBUG - delta_func_Empiric_Compound_Poisson_demand ended.
2024-10-15 15:57:29,378 - default_log - DEBUG - delta_func_Empiric_Compound_Poisson_demand
2024-10-15 15:57:29,378 - default_log - DEBUG - delta_func_Empiric_Compound_Poisson_demand ended.
2024-10-15 15:57:29,378 - default_log - DEBUG - delta_func_Empiric_Compound_Poisson_demand
2024-10-15 15:57:29,379 - default_log - DEBUG - delta_func_Empiric_Compound_Poisson_demand ended.
2024-10-15 15:57:29,379 - default_log - DEBUG - delta_func_Empiric_Compound_Poisson_demand
2024-10-15 15:57:29,380 - default_log - DEBUG - delta_func_Empiric_Compound_Poisson_demand ended.
2024-10-15 15:57:29,380 - default_log - DEBUG - delta_func_Empiric_Compound_Poisson_demand
2024-10-15 15:57:29,380 - default_log - DEBUG - delta_func_Empiric_Compound_Poisson_demand ended.
2024-10-15 15:57:29,380 - default_log - DEBUG - pmf_func_warehouse_subbatch_demand ended.
2024-10-15 15:57:29,381 - default_log - DEBUG - warehouse_demand_variance_term ended.
2024-10-15 15:57:29,381 - default_log - DEBUG - warehouse_demand_variance_approximation ended.
2024-10-15 15:57:29,384 - default_log - DEBUG - new_function ended.
2024-10-15 15:57:29,388 - default_log - DEBUG - induced_backorder_cost_opt
2024-10-15 15:57:29,388 - default_log - DEBUG - norm_sigma
2024-10-15 15:57:29,389 - default_log - DEBUG - norm_sigma ended.
2024-10-15 15:57:29,389 - default_log - DEBUG - induced_backorder_cost_opt ended.
2024-10-15 15:57:29,389 - default_log - DEBUG - induced_backorder_cost_opt
2024-10-15 15:57:29,390 - default_log - DEBUG - norm_sigma
2024-10-15 15:57:29,390 - default_log - DEBUG - norm_sigma ended.
2024-10-15 15:57:29,391 - default_log - DEBUG - induced_backorder_cost_opt ended.
2024-10-15 15:57:29,392 - default_log - DEBUG - induced_backorder_cost_opt
2024-10-15 15:57:29,392 - default_log - DEBUG - norm_sigma
2024-10-15 15:57:29,393 - default_log - DEBUG - norm_sigma ended.
2024-10-15 15:57:29,394 - default_log - DEBUG - induced_backorder_cost_opt ended.
2024-10-15 15:57:29,395 - default_log - DEBUG - induced_backorder_cost_opt
2024-10-15 15:57:29,395 - default_log - DEBUG - norm_sigma
2024-10-15 15:57:29,396 - default_log - DEBUG - norm_sigma ended.
2024-10-15 15:57:29,396 - default_log - DEBUG - induced_backorder_cost_opt ended.
2024-10-15 15:57:29,397 - default_log - DEBUG - induced_backorder_cost_opt
2024-10-15 15:57:29,398 - default_log - DEBUG - norm_sigma
2024-10-15 15:57:29,398 - default_log - DEBUG - norm_sigma ended.
2024-10-15 15:57:29,399 - default_log - DEBUG - induced_backorder_cost_opt ended.
2024-10-15 15:57:29,399 - default_log - DEBUG - induced_backorder_cost_opt
2024-10-15 15:57:29,400 - default_log - DEBUG - norm_sigma
2024-10-15 15:57:29,400 - default_log - DEBUG - norm_sigma ended.
2024-10-15 15:57:29,400 - default_log - DEBUG - induced_backorder_cost_opt ended.
2024-10-15 15:57:29,401 - default_log - DEBUG - induced_backorder_cost_opt
2024-10-15 15:57:29,401 - default_log - DEBUG - norm_sigma
2024-10-15 15:57:29,401 - default_log - DEBUG - norm_sigma ended.
2024-10-15 15:57:29,402 - default_log - DEBUG - induced_backorder_cost_opt ended.
2024-10-15 15:57:29,402 - default_log - DEBUG - induced_backorder_cost_opt
2024-10-15 15:57:29,402 - default_log - DEBUG - norm_sigma
2024-10-15 15:57:29,403 - default_log - DEBUG - norm_sigma ended.
2024-10-15 15:57:29,403 - default_log - DEBUG - induced_backorder_cost_opt ended.
2024-10-15 15:57:29,403 - default_log - DEBUG - induced_backorder_cost_opt
2024-10-15 15:57:29,404 - default_log - DEBUG - norm_sigma
2024-10-15 15:57:29,404 - default_log - DEBUG - norm_sigma ended.
2024-10-15 15:57:29,404 - default_log - DEBUG - induced_backorder_cost_opt ended.
2024-10-15 15:57:29,405 - default_log - DEBUG - induced_backorder_cost_opt
2024-10-15 15:57:29,406 - default_log - DEBUG - norm_sigma
2024-10-15 15:57:29,407 - default_log - DEBUG - norm_sigma ended.
2024-10-15 15:57:29,408 - default_log - DEBUG - induced_backorder_cost_opt ended.
2024-10-15 15:57:29,408 - default_log - DEBUG - induced_backorder_cost_opt
2024-10-15 15:57:29,409 - default_log - DEBUG - norm_sigma
2024-10-15 15:57:29,410 - default_log - DEBUG - norm_sigma ended.
2024-10-15 15:57:29,411 - default_log - DEBUG - induced_backorder_cost_opt ended.
2024-10-15 15:57:29,411 - default_log - DEBUG - induced_backorder_cost_opt
2024-10-15 15:57:29,412 - default_log - DEBUG - norm_sigma
2024-10-15 15:57:29,412 - default_log - DEBUG - norm_sigma ended.
2024-10-15 15:57:29,413 - default_log - DEBUG - induced_backorder_cost_opt ended.
2024-10-15 15:57:29,413 - default_log - DEBUG - induced_backorder_cost_opt
2024-10-15 15:57:29,413 - default_log - DEBUG - norm_sigma
2024-10-15 15:57:29,414 - default_log - DEBUG - norm_sigma ended.
2024-10-15 15:57:29,414 - default_log - DEBUG - induced_backorder_cost_opt ended.
2024-10-15 15:57:29,414 - default_log - DEBUG - weighting_backorder_cost
2024-10-15 15:57:29,415 - default_log - DEBUG - weighting_backorder_cost ended.
2024-10-15 15:57:29,418 - default_log - DEBUG - new_function
2024-10-15 15:57:29,419 - default_log - DEBUG - total_cost
2024-10-15 15:57:29,420 - default_log - DEBUG - positive_inventory
2024-10-15 15:57:29,420 - default_log - DEBUG - positive_inventory ended.
2024-10-15 15:57:29,420 - default_log - DEBUG - negative_inventory
2024-10-15 15:57:29,421 - default_log - DEBUG - negative_inventory ended.
2024-10-15 15:57:29,421 - default_log - DEBUG - total_cost ended.
2024-10-15 15:57:29,421 - default_log - DEBUG - total_cost
2024-10-15 15:57:29,422 - default_log - DEBUG - positive_inventory
2024-10-15 15:57:29,422 - default_log - DEBUG - positive_inventory ended.
2024-10-15 15:57:29,422 - default_log - DEBUG - negative_inventory
2024-10-15 15:57:29,423 - default_log - DEBUG - negative_inventory ended.
2024-10-15 15:57:29,424 - default_log - DEBUG - total_cost ended.
2024-10-15 15:57:29,424 - default_log - DEBUG - total_cost
2024-10-15 15:57:29,425 - default_log - DEBUG - positive_inventory
2024-10-15 15:57:29,426 - default_log - DEBUG - positive_inventory ended.
2024-10-15 15:57:29,427 - default_log - DEBUG - negative_inventory
2024-10-15 15:57:29,429 - default_log - DEBUG - negative_inventory ended.
2024-10-15 15:57:29,429 - default_log - DEBUG - total_cost ended.
2024-10-15 15:57:29,430 - default_log - DEBUG - total_cost
2024-10-15 15:57:29,430 - default_log - DEBUG - positive_inventory
2024-10-15 15:57:29,431 - default_log - DEBUG - positive_inventory ended.
2024-10-15 15:57:29,431 - default_log - DEBUG - negative_inventory
2024-10-15 15:57:29,432 - default_log - DEBUG - negative_inventory ended.
2024-10-15 15:57:29,432 - default_log - DEBUG - total_cost ended.
2024-10-15 15:57:29,433 - default_log - DEBUG - total_cost
2024-10-15 15:57:29,433 - default_log - DEBUG - positive_inventory
2024-10-15 15:57:29,433 - default_log - DEBUG - positive_inventory ended.
2024-10-15 15:57:29,433 - default_log - DEBUG - negative_inventory
2024-10-15 15:57:29,434 - default_log - DEBUG - negative_inventory ended.
2024-10-15 15:57:29,434 - default_log - DEBUG - total_cost ended.
2024-10-15 15:57:29,435 - default_log - DEBUG - total_cost
2024-10-15 15:57:29,435 - default_log - DEBUG - positive_inventory
2024-10-15 15:57:29,435 - default_log - DEBUG - positive_inventory ended.
2024-10-15 15:57:29,436 - default_log - DEBUG - negative_inventory
2024-10-15 15:57:29,437 - default_log - DEBUG - negative_inventory ended.
2024-10-15 15:57:29,438 - default_log - DEBUG - total_cost ended.
2024-10-15 15:57:29,438 - default_log - DEBUG - total_cost
2024-10-15 15:57:29,439 - default_log - DEBUG - positive_inventory
2024-10-15 15:57:29,439 - default_log - DEBUG - positive_inventory ended.
2024-10-15 15:57:29,439 - default_log - DEBUG - negative_inventory
2024-10-15 15:57:29,441 - default_log - DEBUG - negative_inventory ended.
2024-10-15 15:57:29,441 - default_log - DEBUG - total_cost ended.
2024-10-15 15:57:29,442 - default_log - DEBUG - total_cost
2024-10-15 15:57:29,443 - default_log - DEBUG - positive_inventory
2024-10-15 15:57:29,443 - default_log - DEBUG - positive_inventory ended.
2024-10-15 15:57:29,444 - default_log - DEBUG - negative_inventory
2024-10-15 15:57:29,444 - default_log - DEBUG - negative_inventory ended.
2024-10-15 15:57:29,445 - default_log - DEBUG - total_cost ended.
2024-10-15 15:57:29,446 - default_log - DEBUG - total_cost
2024-10-15 15:57:29,446 - default_log - DEBUG - positive_inventory
2024-10-15 15:57:29,446 - default_log - DEBUG - positive_inventory ended.
2024-10-15 15:57:29,448 - default_log - DEBUG - negative_inventory
2024-10-15 15:57:29,449 - default_log - DEBUG - negative_inventory ended.
2024-10-15 15:57:29,450 - default_log - DEBUG - total_cost ended.
2024-10-15 15:57:29,450 - default_log - DEBUG - total_cost
2024-10-15 15:57:29,450 - default_log - DEBUG - positive_inventory
2024-10-15 15:57:29,451 - default_log - DEBUG - positive_inventory ended.
2024-10-15 15:57:29,451 - default_log - DEBUG - negative_inventory
2024-10-15 15:57:29,452 - default_log - DEBUG - negative_inventory ended.
2024-10-15 15:57:29,452 - default_log - DEBUG - total_cost ended.
2024-10-15 15:57:29,452 - default_log - DEBUG - total_cost
2024-10-15 15:57:29,453 - default_log - DEBUG - positive_inventory
2024-10-15 15:57:29,453 - default_log - DEBUG - positive_inventory ended.
2024-10-15 15:57:29,454 - default_log - DEBUG - negative_inventory
2024-10-15 15:57:29,454 - default_log - DEBUG - negative_inventory ended.
2024-10-15 15:57:29,455 - default_log - DEBUG - total_cost ended.
2024-10-15 15:57:29,455 - default_log - DEBUG - total_cost
2024-10-15 15:57:29,455 - default_log - DEBUG - positive_inventory
2024-10-15 15:57:29,456 - default_log - DEBUG - positive_inventory ended.
2024-10-15 15:57:29,456 - default_log - DEBUG - negative_inventory
2024-10-15 15:57:29,458 - default_log - DEBUG - negative_inventory ended.
2024-10-15 15:57:29,459 - default_log - DEBUG - total_cost ended.
2024-10-15 15:57:29,459 - default_log - DEBUG - total_cost
2024-10-15 15:57:29,460 - default_log - DEBUG - positive_inventory
2024-10-15 15:57:29,461 - default_log - DEBUG - positive_inventory ended.
2024-10-15 15:57:29,462 - default_log - DEBUG - negative_inventory
2024-10-15 15:57:29,462 - default_log - DEBUG - negative_inventory ended.
2024-10-15 15:57:29,463 - default_log - DEBUG - total_cost ended.
2024-10-15 15:57:29,463 - default_log - DEBUG - total_cost
2024-10-15 15:57:29,463 - default_log - DEBUG - positive_inventory
2024-10-15 15:57:29,464 - default_log - DEBUG - positive_inventory ended.
2024-10-15 15:57:29,464 - default_log - DEBUG - negative_inventory
2024-10-15 15:57:29,465 - default_log - DEBUG - negative_inventory ended.
2024-10-15 15:57:29,465 - default_log - DEBUG - total_cost ended.
2024-10-15 15:57:29,465 - default_log - DEBUG - total_cost
2024-10-15 15:57:29,466 - default_log - DEBUG - positive_inventory
2024-10-15 15:57:29,466 - default_log - DEBUG - positive_inventory ended.
2024-10-15 15:57:29,467 - default_log - DEBUG - negative_inventory
2024-10-15 15:57:29,468 - default_log - DEBUG - negative_inventory ended.
2024-10-15 15:57:29,469 - default_log - DEBUG - total_cost ended.
2024-10-15 15:57:29,469 - default_log - DEBUG - total_cost
2024-10-15 15:57:29,469 - default_log - DEBUG - positive_inventory
2024-10-15 15:57:29,470 - default_log - DEBUG - positive_inventory ended.
2024-10-15 15:57:29,470 - default_log - DEBUG - negative_inventory
2024-10-15 15:57:29,471 - default_log - DEBUG - negative_inventory ended.
2024-10-15 15:57:29,471 - default_log - DEBUG - total_cost ended.
2024-10-15 15:57:29,471 - default_log - DEBUG - total_cost
2024-10-15 15:57:29,472 - default_log - DEBUG - positive_inventory
2024-10-15 15:57:29,472 - default_log - DEBUG - positive_inventory ended.
2024-10-15 15:57:29,473 - default_log - DEBUG - negative_inventory
2024-10-15 15:57:29,473 - default_log - DEBUG - negative_inventory ended.
2024-10-15 15:57:29,474 - default_log - DEBUG - total_cost ended.
2024-10-15 15:57:29,475 - default_log - DEBUG - total_cost
2024-10-15 15:57:29,477 - default_log - DEBUG - positive_inventory
2024-10-15 15:57:29,477 - default_log - DEBUG - positive_inventory ended.
2024-10-15 15:57:29,478 - default_log - DEBUG - negative_inventory
2024-10-15 15:57:29,479 - default_log - DEBUG - negative_inventory ended.
2024-10-15 15:57:29,480 - default_log - DEBUG - total_cost ended.
2024-10-15 15:57:29,481 - default_log - DEBUG - total_cost
2024-10-15 15:57:29,481 - default_log - DEBUG - positive_inventory
2024-10-15 15:57:29,481 - default_log - DEBUG - positive_inventory ended.
2024-10-15 15:57:29,482 - default_log - DEBUG - negative_inventory
2024-10-15 15:57:29,482 - default_log - DEBUG - negative_inventory ended.
2024-10-15 15:57:29,483 - default_log - DEBUG - total_cost ended.
2024-10-15 15:57:29,483 - default_log - DEBUG - total_cost
2024-10-15 15:57:29,483 - default_log - DEBUG - positive_inventory
2024-10-15 15:57:29,484 - default_log - DEBUG - positive_inventory ended.
2024-10-15 15:57:29,484 - default_log - DEBUG - negative_inventory
2024-10-15 15:57:29,485 - default_log - DEBUG - negative_inventory ended.
2024-10-15 15:57:29,485 - default_log - DEBUG - total_cost ended.
2024-10-15 15:57:29,485 - default_log - DEBUG - total_cost
2024-10-15 15:57:29,486 - default_log - DEBUG - positive_inventory
2024-10-15 15:57:29,486 - default_log - DEBUG - positive_inventory ended.
2024-10-15 15:57:29,486 - default_log - DEBUG - negative_inventory
2024-10-15 15:57:29,487 - default_log - DEBUG - negative_inventory ended.
2024-10-15 15:57:29,487 - default_log - DEBUG - total_cost ended.
2024-10-15 15:57:29,488 - default_log - DEBUG - total_cost
2024-10-15 15:57:29,488 - default_log - DEBUG - positive_inventory
2024-10-15 15:57:29,489 - default_log - DEBUG - positive_inventory ended.
2024-10-15 15:57:29,489 - default_log - DEBUG - negative_inventory
2024-10-15 15:57:29,490 - default_log - DEBUG - negative_inventory ended.
2024-10-15 15:57:29,491 - default_log - DEBUG - total_cost ended.
2024-10-15 15:57:29,493 - default_log - DEBUG - total_cost
2024-10-15 15:57:29,494 - default_log - DEBUG - positive_inventory
2024-10-15 15:57:29,495 - default_log - DEBUG - positive_inventory ended.
2024-10-15 15:57:29,495 - default_log - DEBUG - negative_inventory
2024-10-15 15:57:29,497 - default_log - DEBUG - negative_inventory ended.
2024-10-15 15:57:29,497 - default_log - DEBUG - total_cost ended.
2024-10-15 15:57:29,497 - default_log - DEBUG - total_cost
2024-10-15 15:57:29,497 - default_log - DEBUG - positive_inventory
2024-10-15 15:57:29,498 - default_log - DEBUG - positive_inventory ended.
2024-10-15 15:57:29,498 - default_log - DEBUG - negative_inventory
2024-10-15 15:57:29,499 - default_log - DEBUG - negative_inventory ended.
2024-10-15 15:57:29,499 - default_log - DEBUG - total_cost ended.
2024-10-15 15:57:29,500 - default_log - DEBUG - total_cost
2024-10-15 15:57:29,500 - default_log - DEBUG - positive_inventory
2024-10-15 15:57:29,501 - default_log - DEBUG - positive_inventory ended.
2024-10-15 15:57:29,502 - default_log - DEBUG - negative_inventory
2024-10-15 15:57:29,503 - default_log - DEBUG - negative_inventory ended.
2024-10-15 15:57:29,503 - default_log - DEBUG - total_cost ended.
2024-10-15 15:57:29,503 - default_log - DEBUG - total_cost
2024-10-15 15:57:29,503 - default_log - DEBUG - positive_inventory
2024-10-15 15:57:29,504 - default_log - DEBUG - positive_inventory ended.
2024-10-15 15:57:29,504 - default_log - DEBUG - negative_inventory
2024-10-15 15:57:29,505 - default_log - DEBUG - negative_inventory ended.
2024-10-15 15:57:29,505 - default_log - DEBUG - total_cost ended.
2024-10-15 15:57:29,506 - default_log - DEBUG - total_cost
2024-10-15 15:57:29,506 - default_log - DEBUG - positive_inventory
2024-10-15 15:57:29,506 - default_log - DEBUG - positive_inventory ended.
2024-10-15 15:57:29,508 - default_log - DEBUG - negative_inventory
2024-10-15 15:57:29,509 - default_log - DEBUG - negative_inventory ended.
2024-10-15 15:57:29,510 - default_log - DEBUG - total_cost ended.
2024-10-15 15:57:29,510 - default_log - DEBUG - total_cost
2024-10-15 15:57:29,511 - default_log - DEBUG - positive_inventory
2024-10-15 15:57:29,512 - default_log - DEBUG - positive_inventory ended.
2024-10-15 15:57:29,513 - default_log - DEBUG - negative_inventory
2024-10-15 15:57:29,514 - default_log - DEBUG - negative_inventory ended.
2024-10-15 15:57:29,515 - default_log - DEBUG - total_cost ended.
2024-10-15 15:57:29,515 - default_log - DEBUG - total_cost
2024-10-15 15:57:29,515 - default_log - DEBUG - positive_inventory
2024-10-15 15:57:29,516 - default_log - DEBUG - positive_inventory ended.
2024-10-15 15:57:29,516 - default_log - DEBUG - negative_inventory
2024-10-15 15:57:29,517 - default_log - DEBUG - negative_inventory ended.
2024-10-15 15:57:29,517 - default_log - DEBUG - total_cost ended.
2024-10-15 15:57:29,517 - default_log - DEBUG - total_cost
2024-10-15 15:57:29,518 - default_log - DEBUG - positive_inventory
2024-10-15 15:57:29,518 - default_log - DEBUG - positive_inventory ended.
2024-10-15 15:57:29,518 - default_log - DEBUG - negative_inventory
2024-10-15 15:57:29,519 - default_log - DEBUG - negative_inventory ended.
2024-10-15 15:57:29,519 - default_log - DEBUG - total_cost ended.
2024-10-15 15:57:29,520 - default_log - DEBUG - total_cost
2024-10-15 15:57:29,520 - default_log - DEBUG - positive_inventory
2024-10-15 15:57:29,521 - default_log - DEBUG - positive_inventory ended.
2024-10-15 15:57:29,521 - default_log - DEBUG - negative_inventory
2024-10-15 15:57:29,522 - default_log - DEBUG - negative_inventory ended.
2024-10-15 15:57:29,523 - default_log - DEBUG - total_cost ended.
2024-10-15 15:57:29,524 - default_log - DEBUG - total_cost
2024-10-15 15:57:29,525 - default_log - DEBUG - positive_inventory
2024-10-15 15:57:29,525 - default_log - DEBUG - positive_inventory ended.
2024-10-15 15:57:29,526 - default_log - DEBUG - negative_inventory
2024-10-15 15:57:29,527 - default_log - DEBUG - negative_inventory ended.
2024-10-15 15:57:29,528 - default_log - DEBUG - total_cost ended.
2024-10-15 15:57:29,528 - default_log - DEBUG - total_cost
2024-10-15 15:57:29,528 - default_log - DEBUG - positive_inventory
2024-10-15 15:57:29,529 - default_log - DEBUG - positive_inventory ended.
2024-10-15 15:57:29,529 - default_log - DEBUG - negative_inventory
2024-10-15 15:57:29,530 - default_log - DEBUG - negative_inventory ended.
2024-10-15 15:57:29,531 - default_log - DEBUG - total_cost ended.
2024-10-15 15:57:29,531 - default_log - DEBUG - total_cost
2024-10-15 15:57:29,531 - default_log - DEBUG - positive_inventory
2024-10-15 15:57:29,532 - default_log - DEBUG - positive_inventory ended.
2024-10-15 15:57:29,533 - default_log - DEBUG - negative_inventory
2024-10-15 15:57:29,534 - default_log - DEBUG - negative_inventory ended.
2024-10-15 15:57:29,535 - default_log - DEBUG - total_cost ended.
2024-10-15 15:57:29,535 - default_log - DEBUG - total_cost
2024-10-15 15:57:29,535 - default_log - DEBUG - positive_inventory
2024-10-15 15:57:29,536 - default_log - DEBUG - positive_inventory ended.
2024-10-15 15:57:29,536 - default_log - DEBUG - negative_inventory
2024-10-15 15:57:29,537 - default_log - DEBUG - negative_inventory ended.
2024-10-15 15:57:29,537 - default_log - DEBUG - total_cost ended.
2024-10-15 15:57:29,537 - default_log - DEBUG - total_cost
2024-10-15 15:57:29,538 - default_log - DEBUG - positive_inventory
2024-10-15 15:57:29,538 - default_log - DEBUG - positive_inventory ended.
2024-10-15 15:57:29,539 - default_log - DEBUG - negative_inventory
2024-10-15 15:57:29,540 - default_log - DEBUG - negative_inventory ended.
2024-10-15 15:57:29,540 - default_log - DEBUG - total_cost ended.
2024-10-15 15:57:29,540 - default_log - DEBUG - total_cost
2024-10-15 15:57:29,541 - default_log - DEBUG - positive_inventory
2024-10-15 15:57:29,542 - default_log - DEBUG - positive_inventory ended.
2024-10-15 15:57:29,543 - default_log - DEBUG - negative_inventory
2024-10-15 15:57:29,544 - default_log - DEBUG - negative_inventory ended.
2024-10-15 15:57:29,545 - default_log - DEBUG - total_cost ended.
2024-10-15 15:57:29,545 - default_log - DEBUG - total_cost
2024-10-15 15:57:29,546 - default_log - DEBUG - positive_inventory
2024-10-15 15:57:29,547 - default_log - DEBUG - positive_inventory ended.
2024-10-15 15:57:29,547 - default_log - DEBUG - negative_inventory
2024-10-15 15:57:29,548 - default_log - DEBUG - negative_inventory ended.
2024-10-15 15:57:29,548 - default_log - DEBUG - total_cost ended.
2024-10-15 15:57:29,548 - default_log - DEBUG - total_cost
2024-10-15 15:57:29,549 - default_log - DEBUG - positive_inventory
2024-10-15 15:57:29,549 - default_log - DEBUG - positive_inventory ended.
2024-10-15 15:57:29,549 - default_log - DEBUG - negative_inventory
2024-10-15 15:57:29,550 - default_log - DEBUG - negative_inventory ended.
2024-10-15 15:57:29,550 - default_log - DEBUG - total_cost ended.
2024-10-15 15:57:29,551 - default_log - DEBUG - total_cost
2024-10-15 15:57:29,551 - default_log - DEBUG - positive_inventory
2024-10-15 15:57:29,552 - default_log - DEBUG - positive_inventory ended.
2024-10-15 15:57:29,553 - default_log - DEBUG - negative_inventory
2024-10-15 15:57:29,554 - default_log - DEBUG - negative_inventory ended.
2024-10-15 15:57:29,555 - default_log - DEBUG - total_cost ended.
2024-10-15 15:57:29,555 - default_log - DEBUG - total_cost
2024-10-15 15:57:29,555 - default_log - DEBUG - positive_inventory
2024-10-15 15:57:29,556 - default_log - DEBUG - positive_inventory ended.
2024-10-15 15:57:29,556 - default_log - DEBUG - negative_inventory
2024-10-15 15:57:29,557 - default_log - DEBUG - negative_inventory ended.
2024-10-15 15:57:29,557 - default_log - DEBUG - total_cost ended.
2024-10-15 15:57:29,558 - default_log - DEBUG - total_cost
2024-10-15 15:57:29,559 - default_log - DEBUG - positive_inventory
2024-10-15 15:57:29,560 - default_log - DEBUG - positive_inventory ended.
2024-10-15 15:57:29,561 - default_log - DEBUG - negative_inventory
2024-10-15 15:57:29,562 - default_log - DEBUG - negative_inventory ended.
2024-10-15 15:57:29,562 - default_log - DEBUG - total_cost ended.
2024-10-15 15:57:29,563 - default_log - DEBUG - total_cost
2024-10-15 15:57:29,565 - default_log - DEBUG - positive_inventory
2024-10-15 15:57:29,565 - default_log - DEBUG - positive_inventory ended.
2024-10-15 15:57:29,566 - default_log - DEBUG - negative_inventory
2024-10-15 15:57:29,567 - default_log - DEBUG - negative_inventory ended.
2024-10-15 15:57:29,567 - default_log - DEBUG - total_cost ended.
2024-10-15 15:57:29,567 - default_log - DEBUG - total_cost
2024-10-15 15:57:29,568 - default_log - DEBUG - positive_inventory
2024-10-15 15:57:29,568 - default_log - DEBUG - positive_inventory ended.
2024-10-15 15:57:29,568 - default_log - DEBUG - negative_inventory
2024-10-15 15:57:29,569 - default_log - DEBUG - negative_inventory ended.
2024-10-15 15:57:29,569 - default_log - DEBUG - total_cost ended.
2024-10-15 15:57:29,569 - default_log - DEBUG - total_cost
2024-10-15 15:57:29,570 - default_log - DEBUG - positive_inventory
2024-10-15 15:57:29,570 - default_log - DEBUG - positive_inventory ended.
2024-10-15 15:57:29,570 - default_log - DEBUG - negative_inventory
2024-10-15 15:57:29,571 - default_log - DEBUG - negative_inventory ended.
2024-10-15 15:57:29,572 - default_log - DEBUG - total_cost ended.
2024-10-15 15:57:29,572 - default_log - DEBUG - total_cost
2024-10-15 15:57:29,573 - default_log - DEBUG - positive_inventory
2024-10-15 15:57:29,574 - default_log - DEBUG - positive_inventory ended.
2024-10-15 15:57:29,575 - default_log - DEBUG - negative_inventory
2024-10-15 15:57:29,576 - default_log - DEBUG - negative_inventory ended.
2024-10-15 15:57:29,577 - default_log - DEBUG - total_cost ended.
2024-10-15 15:57:29,578 - default_log - DEBUG - total_cost
2024-10-15 15:57:29,578 - default_log - DEBUG - positive_inventory
2024-10-15 15:57:29,579 - default_log - DEBUG - positive_inventory ended.
2024-10-15 15:57:29,579 - default_log - DEBUG - negative_inventory
2024-10-15 15:57:29,580 - default_log - DEBUG - negative_inventory ended.
2024-10-15 15:57:29,580 - default_log - DEBUG - total_cost ended.
2024-10-15 15:57:29,581 - default_log - DEBUG - total_cost
2024-10-15 15:57:29,581 - default_log - DEBUG - positive_inventory
2024-10-15 15:57:29,581 - default_log - DEBUG - positive_inventory ended.
2024-10-15 15:57:29,581 - default_log - DEBUG - negative_inventory
2024-10-15 15:57:29,582 - default_log - DEBUG - negative_inventory ended.
2024-10-15 15:57:29,582 - default_log - DEBUG - total_cost ended.
2024-10-15 15:57:29,583 - default_log - DEBUG - total_cost
2024-10-15 15:57:29,583 - default_log - DEBUG - positive_inventory
2024-10-15 15:57:29,584 - default_log - DEBUG - positive_inventory ended.
2024-10-15 15:57:29,584 - default_log - DEBUG - negative_inventory
2024-10-15 15:57:29,585 - default_log - DEBUG - negative_inventory ended.
2024-10-15 15:57:29,587 - default_log - DEBUG - total_cost ended.
2024-10-15 15:57:29,587 - default_log - DEBUG - total_cost
2024-10-15 15:57:29,587 - default_log - DEBUG - positive_inventory
2024-10-15 15:57:29,588 - default_log - DEBUG - positive_inventory ended.
2024-10-15 15:57:29,588 - default_log - DEBUG - negative_inventory
2024-10-15 15:57:29,589 - default_log - DEBUG - negative_inventory ended.
2024-10-15 15:57:29,589 - default_log - DEBUG - total_cost ended.
2024-10-15 15:57:29,590 - default_log - DEBUG - total_cost
2024-10-15 15:57:29,590 - default_log - DEBUG - positive_inventory
2024-10-15 15:57:29,591 - default_log - DEBUG - positive_inventory ended.
2024-10-15 15:57:29,592 - default_log - DEBUG - negative_inventory
2024-10-15 15:57:29,593 - default_log - DEBUG - negative_inventory ended.
2024-10-15 15:57:29,594 - default_log - DEBUG - total_cost ended.
2024-10-15 15:57:29,594 - default_log - DEBUG - total_cost
2024-10-15 15:57:29,595 - default_log - DEBUG - positive_inventory
2024-10-15 15:57:29,596 - default_log - DEBUG - positive_inventory ended.
2024-10-15 15:57:29,596 - default_log - DEBUG - negative_inventory
2024-10-15 15:57:29,598 - default_log - DEBUG - negative_inventory ended.
2024-10-15 15:57:29,598 - default_log - DEBUG - total_cost ended.
2024-10-15 15:57:29,599 - default_log - DEBUG - total_cost
2024-10-15 15:57:29,599 - default_log - DEBUG - positive_inventory
2024-10-15 15:57:29,599 - default_log - DEBUG - positive_inventory ended.
2024-10-15 15:57:29,600 - default_log - DEBUG - negative_inventory
2024-10-15 15:57:29,600 - default_log - DEBUG - negative_inventory ended.
2024-10-15 15:57:29,601 - default_log - DEBUG - total_cost ended.
2024-10-15 15:57:29,601 - default_log - DEBUG - total_cost
2024-10-15 15:57:29,601 - default_log - DEBUG - positive_inventory
2024-10-15 15:57:29,602 - default_log - DEBUG - positive_inventory ended.
2024-10-15 15:57:29,602 - default_log - DEBUG - negative_inventory
2024-10-15 15:57:29,603 - default_log - DEBUG - negative_inventory ended.
2024-10-15 15:57:29,603 - default_log - DEBUG - total_cost ended.
2024-10-15 15:57:29,604 - default_log - DEBUG - total_cost
2024-10-15 15:57:29,604 - default_log - DEBUG - positive_inventory
2024-10-15 15:57:29,605 - default_log - DEBUG - positive_inventory ended.
2024-10-15 15:57:29,606 - default_log - DEBUG - negative_inventory
2024-10-15 15:57:29,607 - default_log - DEBUG - negative_inventory ended.
2024-10-15 15:57:29,608 - default_log - DEBUG - total_cost ended.
2024-10-15 15:57:29,608 - default_log - DEBUG - total_cost
2024-10-15 15:57:29,609 - default_log - DEBUG - positive_inventory
2024-10-15 15:57:29,610 - default_log - DEBUG - positive_inventory ended.
2024-10-15 15:57:29,611 - default_log - DEBUG - negative_inventory
2024-10-15 15:57:29,612 - default_log - DEBUG - negative_inventory ended.
2024-10-15 15:57:29,612 - default_log - DEBUG - total_cost ended.
2024-10-15 15:57:29,613 - default_log - DEBUG - total_cost
2024-10-15 15:57:29,613 - default_log - DEBUG - positive_inventory
2024-10-15 15:57:29,614 - default_log - DEBUG - positive_inventory ended.
2024-10-15 15:57:29,614 - default_log - DEBUG - negative_inventory
2024-10-15 15:57:29,615 - default_log - DEBUG - negative_inventory ended.
2024-10-15 15:57:29,615 - default_log - DEBUG - total_cost ended.
2024-10-15 15:57:29,616 - default_log - DEBUG - total_cost
2024-10-15 15:57:29,617 - default_log - DEBUG - positive_inventory
2024-10-15 15:57:29,618 - default_log - DEBUG - positive_inventory ended.
2024-10-15 15:57:29,619 - default_log - DEBUG - negative_inventory
2024-10-15 15:57:29,619 - default_log - DEBUG - negative_inventory ended.
2024-10-15 15:57:29,620 - default_log - DEBUG - total_cost ended.
2024-10-15 15:57:29,620 - default_log - DEBUG - total_cost
2024-10-15 15:57:29,620 - default_log - DEBUG - positive_inventory
2024-10-15 15:57:29,621 - default_log - DEBUG - positive_inventory ended.
2024-10-15 15:57:29,621 - default_log - DEBUG - negative_inventory
2024-10-15 15:57:29,622 - default_log - DEBUG - negative_inventory ended.
2024-10-15 15:57:29,622 - default_log - DEBUG - total_cost ended.
2024-10-15 15:57:29,623 - default_log - DEBUG - total_cost
2024-10-15 15:57:29,623 - default_log - DEBUG - positive_inventory
2024-10-15 15:57:29,624 - default_log - DEBUG - positive_inventory ended.
2024-10-15 15:57:29,624 - default_log - DEBUG - negative_inventory
2024-10-15 15:57:29,625 - default_log - DEBUG - negative_inventory ended.
2024-10-15 15:57:29,627 - default_log - DEBUG - total_cost ended.
2024-10-15 15:57:29,628 - default_log - DEBUG - total_cost
2024-10-15 15:57:29,628 - default_log - DEBUG - positive_inventory
2024-10-15 15:57:29,629 - default_log - DEBUG - positive_inventory ended.
2024-10-15 15:57:29,629 - default_log - DEBUG - negative_inventory
2024-10-15 15:57:29,631 - default_log - DEBUG - negative_inventory ended.
2024-10-15 15:57:29,631 - default_log - DEBUG - total_cost ended.
2024-10-15 15:57:29,631 - default_log - DEBUG - total_cost
2024-10-15 15:57:29,632 - default_log - DEBUG - positive_inventory
2024-10-15 15:57:29,632 - default_log - DEBUG - positive_inventory ended.
2024-10-15 15:57:29,633 - default_log - DEBUG - negative_inventory
2024-10-15 15:57:29,633 - default_log - DEBUG - negative_inventory ended.
2024-10-15 15:57:29,634 - default_log - DEBUG - total_cost ended.
2024-10-15 15:57:29,634 - default_log - DEBUG - total_cost
2024-10-15 15:57:29,635 - default_log - DEBUG - positive_inventory
2024-10-15 15:57:29,635 - default_log - DEBUG - positive_inventory ended.
2024-10-15 15:57:29,636 - default_log - DEBUG - negative_inventory
2024-10-15 15:57:29,637 - default_log - DEBUG - negative_inventory ended.
2024-10-15 15:57:29,637 - default_log - DEBUG - total_cost ended.
2024-10-15 15:57:29,638 - default_log - DEBUG - total_cost
2024-10-15 15:57:29,638 - default_log - DEBUG - positive_inventory
2024-10-15 15:57:29,639 - default_log - DEBUG - positive_inventory ended.
2024-10-15 15:57:29,639 - default_log - DEBUG - negative_inventory
2024-10-15 15:57:29,640 - default_log - DEBUG - negative_inventory ended.
2024-10-15 15:57:29,640 - default_log - DEBUG - total_cost ended.
2024-10-15 15:57:29,641 - default_log - DEBUG - total_cost
2024-10-15 15:57:29,641 - default_log - DEBUG - positive_inventory
2024-10-15 15:57:29,642 - default_log - DEBUG - positive_inventory ended.
2024-10-15 15:57:29,643 - default_log - DEBUG - negative_inventory
2024-10-15 15:57:29,646 - default_log - DEBUG - negative_inventory ended.
2024-10-15 15:57:29,647 - default_log - DEBUG - total_cost ended.
2024-10-15 15:57:29,649 - default_log - DEBUG - total_cost
2024-10-15 15:57:29,650 - default_log - DEBUG - positive_inventory
2024-10-15 15:57:29,650 - default_log - DEBUG - positive_inventory ended.
2024-10-15 15:57:29,650 - default_log - DEBUG - negative_inventory
2024-10-15 15:57:29,652 - default_log - DEBUG - negative_inventory ended.
2024-10-15 15:57:29,654 - default_log - DEBUG - total_cost ended.
2024-10-15 15:57:29,655 - default_log - DEBUG - total_cost
2024-10-15 15:57:29,656 - default_log - DEBUG - positive_inventory
2024-10-15 15:57:29,658 - default_log - DEBUG - positive_inventory ended.
2024-10-15 15:57:29,659 - default_log - DEBUG - negative_inventory
2024-10-15 15:57:29,660 - default_log - DEBUG - negative_inventory ended.
2024-10-15 15:57:29,661 - default_log - DEBUG - total_cost ended.
2024-10-15 15:57:29,663 - default_log - DEBUG - total_cost
2024-10-15 15:57:29,665 - default_log - DEBUG - positive_inventory
2024-10-15 15:57:29,667 - default_log - DEBUG - positive_inventory ended.
2024-10-15 15:57:29,668 - default_log - DEBUG - negative_inventory
2024-10-15 15:57:29,669 - default_log - DEBUG - negative_inventory ended.
2024-10-15 15:57:29,670 - default_log - DEBUG - total_cost ended.
2024-10-15 15:57:29,671 - default_log - DEBUG - total_cost
2024-10-15 15:57:29,672 - default_log - DEBUG - positive_inventory
2024-10-15 15:57:29,673 - default_log - DEBUG - positive_inventory ended.
2024-10-15 15:57:29,674 - default_log - DEBUG - negative_inventory
2024-10-15 15:57:29,675 - default_log - DEBUG - negative_inventory ended.
2024-10-15 15:57:29,676 - default_log - DEBUG - total_cost ended.
2024-10-15 15:57:29,677 - default_log - DEBUG - total_cost
2024-10-15 15:57:29,678 - default_log - DEBUG - positive_inventory
2024-10-15 15:57:29,679 - default_log - DEBUG - positive_inventory ended.
2024-10-15 15:57:29,679 - default_log - DEBUG - negative_inventory
2024-10-15 15:57:29,681 - default_log - DEBUG - negative_inventory ended.
2024-10-15 15:57:29,681 - default_log - DEBUG - total_cost ended.
2024-10-15 15:57:29,682 - default_log - DEBUG - total_cost
2024-10-15 15:57:29,683 - default_log - DEBUG - positive_inventory
2024-10-15 15:57:29,683 - default_log - DEBUG - positive_inventory ended.
2024-10-15 15:57:29,685 - default_log - DEBUG - negative_inventory
2024-10-15 15:57:29,686 - default_log - DEBUG - negative_inventory ended.
2024-10-15 15:57:29,687 - default_log - DEBUG - total_cost ended.
2024-10-15 15:57:29,688 - default_log - DEBUG - total_cost
2024-10-15 15:57:29,689 - default_log - DEBUG - positive_inventory
2024-10-15 15:57:29,690 - default_log - DEBUG - positive_inventory ended.
2024-10-15 15:57:29,691 - default_log - DEBUG - negative_inventory
2024-10-15 15:57:29,692 - default_log - DEBUG - negative_inventory ended.
2024-10-15 15:57:29,693 - default_log - DEBUG - total_cost ended.
2024-10-15 15:57:29,694 - default_log - DEBUG - total_cost
2024-10-15 15:57:29,696 - default_log - DEBUG - positive_inventory
2024-10-15 15:57:29,697 - default_log - DEBUG - positive_inventory ended.
2024-10-15 15:57:29,697 - default_log - DEBUG - negative_inventory
2024-10-15 15:57:29,698 - default_log - DEBUG - negative_inventory ended.
2024-10-15 15:57:29,699 - default_log - DEBUG - total_cost ended.
2024-10-15 15:57:29,699 - default_log - DEBUG - total_cost
2024-10-15 15:57:29,699 - default_log - DEBUG - positive_inventory
2024-10-15 15:57:29,700 - default_log - DEBUG - positive_inventory ended.
2024-10-15 15:57:29,700 - default_log - DEBUG - negative_inventory
2024-10-15 15:57:29,701 - default_log - DEBUG - negative_inventory ended.
2024-10-15 15:57:29,701 - default_log - DEBUG - total_cost ended.
2024-10-15 15:57:29,701 - default_log - DEBUG - total_cost
2024-10-15 15:57:29,702 - default_log - DEBUG - positive_inventory
2024-10-15 15:57:29,702 - default_log - DEBUG - positive_inventory ended.
2024-10-15 15:57:29,703 - default_log - DEBUG - negative_inventory
2024-10-15 15:57:29,704 - default_log - DEBUG - negative_inventory ended.
2024-10-15 15:57:29,705 - default_log - DEBUG - total_cost ended.
2024-10-15 15:57:29,706 - default_log - DEBUG - total_cost
2024-10-15 15:57:29,706 - default_log - DEBUG - positive_inventory
2024-10-15 15:57:29,706 - default_log - DEBUG - positive_inventory ended.
2024-10-15 15:57:29,707 - default_log - DEBUG - negative_inventory
2024-10-15 15:57:29,708 - default_log - DEBUG - negative_inventory ended.
2024-10-15 15:57:29,709 - default_log - DEBUG - total_cost ended.
2024-10-15 15:57:29,709 - default_log - DEBUG - total_cost
2024-10-15 15:57:29,710 - default_log - DEBUG - positive_inventory
2024-10-15 15:57:29,711 - default_log - DEBUG - positive_inventory ended.
2024-10-15 15:57:29,711 - default_log - DEBUG - negative_inventory
2024-10-15 15:57:29,712 - default_log - DEBUG - negative_inventory ended.
2024-10-15 15:57:29,712 - default_log - DEBUG - total_cost ended.
2024-10-15 15:57:29,713 - default_log - DEBUG - total_cost
2024-10-15 15:57:29,714 - default_log - DEBUG - positive_inventory
2024-10-15 15:57:29,715 - default_log - DEBUG - positive_inventory ended.
2024-10-15 15:57:29,715 - default_log - DEBUG - negative_inventory
2024-10-15 15:57:29,716 - default_log - DEBUG - negative_inventory ended.
2024-10-15 15:57:29,716 - default_log - DEBUG - total_cost ended.
2024-10-15 15:57:29,717 - default_log - DEBUG - total_cost
2024-10-15 15:57:29,717 - default_log - DEBUG - positive_inventory
2024-10-15 15:57:29,718 - default_log - DEBUG - positive_inventory ended.
2024-10-15 15:57:29,718 - default_log - DEBUG - negative_inventory
2024-10-15 15:57:29,718 - default_log - DEBUG - negative_inventory ended.
2024-10-15 15:57:29,718 - default_log - DEBUG - total_cost ended.
2024-10-15 15:57:29,719 - default_log - DEBUG - total_cost
2024-10-15 15:57:29,720 - default_log - DEBUG - positive_inventory
2024-10-15 15:57:29,720 - default_log - DEBUG - positive_inventory ended.
2024-10-15 15:57:29,720 - default_log - DEBUG - negative_inventory
2024-10-15 15:57:29,721 - default_log - DEBUG - negative_inventory ended.
2024-10-15 15:57:29,721 - default_log - DEBUG - total_cost ended.
2024-10-15 15:57:29,722 - default_log - DEBUG - total_cost
2024-10-15 15:57:29,722 - default_log - DEBUG - positive_inventory
2024-10-15 15:57:29,723 - default_log - DEBUG - positive_inventory ended.
2024-10-15 15:57:29,725 - default_log - DEBUG - negative_inventory
2024-10-15 15:57:29,726 - default_log - DEBUG - negative_inventory ended.
2024-10-15 15:57:29,728 - default_log - DEBUG - total_cost ended.
2024-10-15 15:57:29,729 - default_log - DEBUG - total_cost
2024-10-15 15:57:29,730 - default_log - DEBUG - positive_inventory
2024-10-15 15:57:29,731 - default_log - DEBUG - positive_inventory ended.
2024-10-15 15:57:29,731 - default_log - DEBUG - negative_inventory
2024-10-15 15:57:29,733 - default_log - DEBUG - negative_inventory ended.
2024-10-15 15:57:29,733 - default_log - DEBUG - total_cost ended.
2024-10-15 15:57:29,734 - default_log - DEBUG - total_cost
2024-10-15 15:57:29,735 - default_log - DEBUG - positive_inventory
2024-10-15 15:57:29,736 - default_log - DEBUG - positive_inventory ended.
2024-10-15 15:57:29,737 - default_log - DEBUG - negative_inventory
2024-10-15 15:57:29,738 - default_log - DEBUG - negative_inventory ended.
2024-10-15 15:57:29,739 - default_log - DEBUG - total_cost ended.
2024-10-15 15:57:29,740 - default_log - DEBUG - total_cost
2024-10-15 15:57:29,740 - default_log - DEBUG - positive_inventory
2024-10-15 15:57:29,741 - default_log - DEBUG - positive_inventory ended.
2024-10-15 15:57:29,742 - default_log - DEBUG - negative_inventory
2024-10-15 15:57:29,743 - default_log - DEBUG - negative_inventory ended.
2024-10-15 15:57:29,744 - default_log - DEBUG - total_cost ended.
2024-10-15 15:57:29,745 - default_log - DEBUG - total_cost
2024-10-15 15:57:29,746 - default_log - DEBUG - positive_inventory
2024-10-15 15:57:29,747 - default_log - DEBUG - positive_inventory ended.
2024-10-15 15:57:29,748 - default_log - DEBUG - negative_inventory
2024-10-15 15:57:29,749 - default_log - DEBUG - negative_inventory ended.
2024-10-15 15:57:29,749 - default_log - DEBUG - total_cost ended.
2024-10-15 15:57:29,749 - default_log - DEBUG - total_cost
2024-10-15 15:57:29,749 - default_log - DEBUG - positive_inventory
2024-10-15 15:57:29,750 - default_log - DEBUG - positive_inventory ended.
2024-10-15 15:57:29,750 - default_log - DEBUG - negative_inventory
2024-10-15 15:57:29,750 - default_log - DEBUG - negative_inventory ended.
2024-10-15 15:57:29,751 - default_log - DEBUG - total_cost ended.
2024-10-15 15:57:29,751 - default_log - DEBUG - total_cost
2024-10-15 15:57:29,751 - default_log - DEBUG - positive_inventory
2024-10-15 15:57:29,752 - default_log - DEBUG - positive_inventory ended.
2024-10-15 15:57:29,752 - default_log - DEBUG - negative_inventory
2024-10-15 15:57:29,753 - default_log - DEBUG - negative_inventory ended.
2024-10-15 15:57:29,753 - default_log - DEBUG - total_cost ended.
2024-10-15 15:57:29,753 - default_log - DEBUG - total_cost
2024-10-15 15:57:29,753 - default_log - DEBUG - positive_inventory
2024-10-15 15:57:29,754 - default_log - DEBUG - positive_inventory ended.
2024-10-15 15:57:29,755 - default_log - DEBUG - negative_inventory
2024-10-15 15:57:29,756 - default_log - DEBUG - negative_inventory ended.
2024-10-15 15:57:29,757 - default_log - DEBUG - total_cost ended.
2024-10-15 15:57:29,757 - default_log - DEBUG - total_cost
2024-10-15 15:57:29,758 - default_log - DEBUG - positive_inventory
2024-10-15 15:57:29,759 - default_log - DEBUG - positive_inventory ended.
2024-10-15 15:57:29,760 - default_log - DEBUG - negative_inventory
2024-10-15 15:57:29,761 - default_log - DEBUG - negative_inventory ended.
2024-10-15 15:57:29,762 - default_log - DEBUG - total_cost ended.
2024-10-15 15:57:29,762 - default_log - DEBUG - total_cost
2024-10-15 15:57:29,762 - default_log - DEBUG - positive_inventory
2024-10-15 15:57:29,763 - default_log - DEBUG - positive_inventory ended.
2024-10-15 15:57:29,764 - default_log - DEBUG - negative_inventory
2024-10-15 15:57:29,764 - default_log - DEBUG - negative_inventory ended.
2024-10-15 15:57:29,765 - default_log - DEBUG - total_cost ended.
2024-10-15 15:57:29,765 - default_log - DEBUG - total_cost
2024-10-15 15:57:29,766 - default_log - DEBUG - positive_inventory
2024-10-15 15:57:29,767 - default_log - DEBUG - positive_inventory ended.
2024-10-15 15:57:29,768 - default_log - DEBUG - negative_inventory
2024-10-15 15:57:29,769 - default_log - DEBUG - negative_inventory ended.
2024-10-15 15:57:29,769 - default_log - DEBUG - total_cost ended.
2024-10-15 15:57:29,769 - default_log - DEBUG - total_cost
2024-10-15 15:57:29,770 - default_log - DEBUG - positive_inventory
2024-10-15 15:57:29,770 - default_log - DEBUG - positive_inventory ended.
2024-10-15 15:57:29,770 - default_log - DEBUG - negative_inventory
2024-10-15 15:57:29,771 - default_log - DEBUG - negative_inventory ended.
2024-10-15 15:57:29,771 - default_log - DEBUG - total_cost ended.
2024-10-15 15:57:29,772 - default_log - DEBUG - total_cost
2024-10-15 15:57:29,772 - default_log - DEBUG - positive_inventory
2024-10-15 15:57:29,773 - default_log - DEBUG - positive_inventory ended.
2024-10-15 15:57:29,773 - default_log - DEBUG - negative_inventory
2024-10-15 15:57:29,774 - default_log - DEBUG - negative_inventory ended.
2024-10-15 15:57:29,775 - default_log - DEBUG - total_cost ended.
2024-10-15 15:57:29,776 - default_log - DEBUG - total_cost
2024-10-15 15:57:29,777 - default_log - DEBUG - positive_inventory
2024-10-15 15:57:29,778 - default_log - DEBUG - positive_inventory ended.
2024-10-15 15:57:29,778 - default_log - DEBUG - negative_inventory
2024-10-15 15:57:29,779 - default_log - DEBUG - negative_inventory ended.
2024-10-15 15:57:29,779 - default_log - DEBUG - total_cost ended.
2024-10-15 15:57:29,780 - default_log - DEBUG - total_cost
2024-10-15 15:57:29,780 - default_log - DEBUG - positive_inventory
2024-10-15 15:57:29,781 - default_log - DEBUG - positive_inventory ended.
2024-10-15 15:57:29,782 - default_log - DEBUG - negative_inventory
2024-10-15 15:57:29,783 - default_log - DEBUG - negative_inventory ended.
2024-10-15 15:57:29,783 - default_log - DEBUG - total_cost ended.
2024-10-15 15:57:29,784 - default_log - DEBUG - total_cost
2024-10-15 15:57:29,784 - default_log - DEBUG - positive_inventory
2024-10-15 15:57:29,785 - default_log - DEBUG - positive_inventory ended.
2024-10-15 15:57:29,785 - default_log - DEBUG - negative_inventory
2024-10-15 15:57:29,786 - default_log - DEBUG - negative_inventory ended.
2024-10-15 15:57:29,786 - default_log - DEBUG - total_cost ended.
2024-10-15 15:57:29,786 - default_log - DEBUG - total_cost
2024-10-15 15:57:29,787 - default_log - DEBUG - positive_inventory
2024-10-15 15:57:29,787 - default_log - DEBUG - positive_inventory ended.
2024-10-15 15:57:29,788 - default_log - DEBUG - negative_inventory
2024-10-15 15:57:29,789 - default_log - DEBUG - negative_inventory ended.
2024-10-15 15:57:29,790 - default_log - DEBUG - total_cost ended.
2024-10-15 15:57:29,791 - default_log - DEBUG - total_cost
2024-10-15 15:57:29,791 - default_log - DEBUG - positive_inventory
2024-10-15 15:57:29,792 - default_log - DEBUG - positive_inventory ended.
2024-10-15 15:57:29,794 - default_log - DEBUG - negative_inventory
2024-10-15 15:57:29,795 - default_log - DEBUG - negative_inventory ended.
2024-10-15 15:57:29,795 - default_log - DEBUG - total_cost ended.
2024-10-15 15:57:29,796 - default_log - DEBUG - total_cost
2024-10-15 15:57:29,796 - default_log - DEBUG - positive_inventory
2024-10-15 15:57:29,797 - default_log - DEBUG - positive_inventory ended.
2024-10-15 15:57:29,797 - default_log - DEBUG - negative_inventory
2024-10-15 15:57:29,798 - default_log - DEBUG - negative_inventory ended.
2024-10-15 15:57:29,799 - default_log - DEBUG - total_cost ended.
2024-10-15 15:57:29,800 - default_log - DEBUG - total_cost
2024-10-15 15:57:29,800 - default_log - DEBUG - positive_inventory
2024-10-15 15:57:29,801 - default_log - DEBUG - positive_inventory ended.
2024-10-15 15:57:29,801 - default_log - DEBUG - negative_inventory
2024-10-15 15:57:29,802 - default_log - DEBUG - negative_inventory ended.
2024-10-15 15:57:29,802 - default_log - DEBUG - total_cost ended.
2024-10-15 15:57:29,803 - default_log - DEBUG - total_cost
2024-10-15 15:57:29,803 - default_log - DEBUG - positive_inventory
2024-10-15 15:57:29,804 - default_log - DEBUG - positive_inventory ended.
2024-10-15 15:57:29,804 - default_log - DEBUG - negative_inventory
2024-10-15 15:57:29,804 - default_log - DEBUG - negative_inventory ended.
2024-10-15 15:57:29,805 - default_log - DEBUG - total_cost ended.
2024-10-15 15:57:29,805 - default_log - DEBUG - total_cost
2024-10-15 15:57:29,805 - default_log - DEBUG - positive_inventory
2024-10-15 15:57:29,806 - default_log - DEBUG - positive_inventory ended.
2024-10-15 15:57:29,808 - default_log - DEBUG - negative_inventory
2024-10-15 15:57:29,809 - default_log - DEBUG - negative_inventory ended.
2024-10-15 15:57:29,810 - default_log - DEBUG - total_cost ended.
2024-10-15 15:57:29,811 - default_log - DEBUG - total_cost
2024-10-15 15:57:29,811 - default_log - DEBUG - positive_inventory
2024-10-15 15:57:29,812 - default_log - DEBUG - positive_inventory ended.
2024-10-15 15:57:29,813 - default_log - DEBUG - negative_inventory
2024-10-15 15:57:29,813 - default_log - DEBUG - negative_inventory ended.
2024-10-15 15:57:29,814 - default_log - DEBUG - total_cost ended.
2024-10-15 15:57:29,814 - default_log - DEBUG - total_cost
2024-10-15 15:57:29,815 - default_log - DEBUG - positive_inventory
2024-10-15 15:57:29,815 - default_log - DEBUG - positive_inventory ended.
2024-10-15 15:57:29,815 - default_log - DEBUG - negative_inventory
2024-10-15 15:57:29,816 - default_log - DEBUG - negative_inventory ended.
2024-10-15 15:57:29,817 - default_log - DEBUG - total_cost ended.
2024-10-15 15:57:29,817 - default_log - DEBUG - total_cost
2024-10-15 15:57:29,818 - default_log - DEBUG - positive_inventory
2024-10-15 15:57:29,818 - default_log - DEBUG - positive_inventory ended.
2024-10-15 15:57:29,819 - default_log - DEBUG - negative_inventory
2024-10-15 15:57:29,820 - default_log - DEBUG - negative_inventory ended.
2024-10-15 15:57:29,821 - default_log - DEBUG - total_cost ended.
2024-10-15 15:57:29,822 - default_log - DEBUG - total_cost
2024-10-15 15:57:29,823 - default_log - DEBUG - positive_inventory
2024-10-15 15:57:29,825 - default_log - DEBUG - positive_inventory ended.
2024-10-15 15:57:29,826 - default_log - DEBUG - negative_inventory
2024-10-15 15:57:29,828 - default_log - DEBUG - negative_inventory ended.
2024-10-15 15:57:29,828 - default_log - DEBUG - total_cost ended.
2024-10-15 15:57:29,830 - default_log - DEBUG - total_cost
2024-10-15 15:57:29,831 - default_log - DEBUG - positive_inventory
2024-10-15 15:57:29,832 - default_log - DEBUG - positive_inventory ended.
2024-10-15 15:57:29,833 - default_log - DEBUG - negative_inventory
2024-10-15 15:57:29,835 - default_log - DEBUG - negative_inventory ended.
2024-10-15 15:57:29,836 - default_log - DEBUG - total_cost ended.
2024-10-15 15:57:29,837 - default_log - DEBUG - total_cost
2024-10-15 15:57:29,838 - default_log - DEBUG - positive_inventory
2024-10-15 15:57:29,839 - default_log - DEBUG - positive_inventory ended.
2024-10-15 15:57:29,840 - default_log - DEBUG - negative_inventory
2024-10-15 15:57:29,841 - default_log - DEBUG - negative_inventory ended.
2024-10-15 15:57:29,843 - default_log - DEBUG - total_cost ended.
2024-10-15 15:57:29,844 - default_log - DEBUG - total_cost
2024-10-15 15:57:29,846 - default_log - DEBUG - positive_inventory
2024-10-15 15:57:29,847 - default_log - DEBUG - positive_inventory ended.
2024-10-15 15:57:29,848 - default_log - DEBUG - negative_inventory
2024-10-15 15:57:29,849 - default_log - DEBUG - negative_inventory ended.
2024-10-15 15:57:29,849 - default_log - DEBUG - total_cost ended.
2024-10-15 15:57:29,849 - default_log - DEBUG - total_cost
2024-10-15 15:57:29,850 - default_log - DEBUG - positive_inventory
2024-10-15 15:57:29,851 - default_log - DEBUG - positive_inventory ended.
2024-10-15 15:57:29,851 - default_log - DEBUG - negative_inventory
2024-10-15 15:57:29,852 - default_log - DEBUG - negative_inventory ended.
2024-10-15 15:57:29,854 - default_log - DEBUG - total_cost ended.
2024-10-15 15:57:29,855 - default_log - DEBUG - total_cost
2024-10-15 15:57:29,856 - default_log - DEBUG - positive_inventory
2024-10-15 15:57:29,857 - default_log - DEBUG - positive_inventory ended.
2024-10-15 15:57:29,858 - default_log - DEBUG - negative_inventory
2024-10-15 15:57:29,859 - default_log - DEBUG - negative_inventory ended.
2024-10-15 15:57:29,860 - default_log - DEBUG - total_cost ended.
2024-10-15 15:57:29,861 - default_log - DEBUG - total_cost
2024-10-15 15:57:29,862 - default_log - DEBUG - positive_inventory
2024-10-15 15:57:29,863 - default_log - DEBUG - positive_inventory ended.
2024-10-15 15:57:29,865 - default_log - DEBUG - negative_inventory
2024-10-15 15:57:29,866 - default_log - DEBUG - negative_inventory ended.
2024-10-15 15:57:29,867 - default_log - DEBUG - total_cost ended.
2024-10-15 15:57:29,868 - default_log - DEBUG - total_cost
2024-10-15 15:57:29,868 - default_log - DEBUG - positive_inventory
2024-10-15 15:57:29,869 - default_log - DEBUG - positive_inventory ended.
2024-10-15 15:57:29,870 - default_log - DEBUG - negative_inventory
2024-10-15 15:57:29,872 - default_log - DEBUG - negative_inventory ended.
2024-10-15 15:57:29,873 - default_log - DEBUG - total_cost ended.
2024-10-15 15:57:29,873 - default_log - DEBUG - total_cost
2024-10-15 15:57:29,875 - default_log - DEBUG - positive_inventory
2024-10-15 15:57:29,876 - default_log - DEBUG - positive_inventory ended.
2024-10-15 15:57:29,877 - default_log - DEBUG - negative_inventory
2024-10-15 15:57:29,878 - default_log - DEBUG - negative_inventory ended.
2024-10-15 15:57:29,879 - default_log - DEBUG - total_cost ended.
2024-10-15 15:57:29,880 - default_log - DEBUG - total_cost
2024-10-15 15:57:29,880 - default_log - DEBUG - positive_inventory
2024-10-15 15:57:29,881 - default_log - DEBUG - positive_inventory ended.
2024-10-15 15:57:29,882 - default_log - DEBUG - negative_inventory
2024-10-15 15:57:29,883 - default_log - DEBUG - negative_inventory ended.
2024-10-15 15:57:29,884 - default_log - DEBUG - total_cost ended.
2024-10-15 15:57:29,884 - default_log - DEBUG - total_cost
2024-10-15 15:57:29,884 - default_log - DEBUG - positive_inventory
2024-10-15 15:57:29,885 - default_log - DEBUG - positive_inventory ended.
2024-10-15 15:57:29,886 - default_log - DEBUG - negative_inventory
2024-10-15 15:57:29,887 - default_log - DEBUG - negative_inventory ended.
2024-10-15 15:57:29,888 - default_log - DEBUG - total_cost ended.
2024-10-15 15:57:29,888 - default_log - DEBUG - total_cost
2024-10-15 15:57:29,889 - default_log - DEBUG - positive_inventory
2024-10-15 15:57:29,890 - default_log - DEBUG - positive_inventory ended.
2024-10-15 15:57:29,890 - default_log - DEBUG - negative_inventory
2024-10-15 15:57:29,891 - default_log - DEBUG - negative_inventory ended.
2024-10-15 15:57:29,891 - default_log - DEBUG - total_cost ended.
2024-10-15 15:57:29,892 - default_log - DEBUG - total_cost
2024-10-15 15:57:29,892 - default_log - DEBUG - positive_inventory
2024-10-15 15:57:29,893 - default_log - DEBUG - positive_inventory ended.
2024-10-15 15:57:29,894 - default_log - DEBUG - negative_inventory
2024-10-15 15:57:29,894 - default_log - DEBUG - negative_inventory ended.
2024-10-15 15:57:29,895 - default_log - DEBUG - total_cost ended.
2024-10-15 15:57:29,895 - default_log - DEBUG - total_cost
2024-10-15 15:57:29,896 - default_log - DEBUG - positive_inventory
2024-10-15 15:57:29,896 - default_log - DEBUG - positive_inventory ended.
2024-10-15 15:57:29,896 - default_log - DEBUG - negative_inventory
2024-10-15 15:57:29,897 - default_log - DEBUG - negative_inventory ended.
2024-10-15 15:57:29,898 - default_log - DEBUG - total_cost ended.
2024-10-15 15:57:29,899 - default_log - DEBUG - total_cost
2024-10-15 15:57:29,899 - default_log - DEBUG - positive_inventory
2024-10-15 15:57:29,901 - default_log - DEBUG - positive_inventory ended.
2024-10-15 15:57:29,901 - default_log - DEBUG - negative_inventory
2024-10-15 15:57:29,902 - default_log - DEBUG - negative_inventory ended.
2024-10-15 15:57:29,903 - default_log - DEBUG - total_cost ended.
2024-10-15 15:57:29,903 - default_log - DEBUG - total_cost
2024-10-15 15:57:29,904 - default_log - DEBUG - positive_inventory
2024-10-15 15:57:29,905 - default_log - DEBUG - positive_inventory ended.
2024-10-15 15:57:29,905 - default_log - DEBUG - negative_inventory
2024-10-15 15:57:29,906 - default_log - DEBUG - negative_inventory ended.
2024-10-15 15:57:29,906 - default_log - DEBUG - total_cost ended.
2024-10-15 15:57:29,907 - default_log - DEBUG - total_cost
2024-10-15 15:57:29,908 - default_log - DEBUG - positive_inventory
2024-10-15 15:57:29,909 - default_log - DEBUG - positive_inventory ended.
2024-10-15 15:57:29,911 - default_log - DEBUG - negative_inventory
2024-10-15 15:57:29,911 - default_log - DEBUG - negative_inventory ended.
2024-10-15 15:57:29,912 - default_log - DEBUG - total_cost ended.
2024-10-15 15:57:29,912 - default_log - DEBUG - total_cost
2024-10-15 15:57:29,912 - default_log - DEBUG - positive_inventory
2024-10-15 15:57:29,913 - default_log - DEBUG - positive_inventory ended.
2024-10-15 15:57:29,913 - default_log - DEBUG - negative_inventory
2024-10-15 15:57:29,915 - default_log - DEBUG - negative_inventory ended.
2024-10-15 15:57:29,916 - default_log - DEBUG - total_cost ended.
2024-10-15 15:57:29,916 - default_log - DEBUG - total_cost
2024-10-15 15:57:29,917 - default_log - DEBUG - positive_inventory
2024-10-15 15:57:29,919 - default_log - DEBUG - positive_inventory ended.
2024-10-15 15:57:29,920 - default_log - DEBUG - negative_inventory
2024-10-15 15:57:29,921 - default_log - DEBUG - negative_inventory ended.
2024-10-15 15:57:29,922 - default_log - DEBUG - total_cost ended.
2024-10-15 15:57:29,923 - default_log - DEBUG - total_cost
2024-10-15 15:57:29,923 - default_log - DEBUG - positive_inventory
2024-10-15 15:57:29,924 - default_log - DEBUG - positive_inventory ended.
2024-10-15 15:57:29,925 - default_log - DEBUG - negative_inventory
2024-10-15 15:57:29,926 - default_log - DEBUG - negative_inventory ended.
2024-10-15 15:57:29,927 - default_log - DEBUG - total_cost ended.
2024-10-15 15:57:29,928 - default_log - DEBUG - total_cost
2024-10-15 15:57:29,928 - default_log - DEBUG - positive_inventory
2024-10-15 15:57:29,929 - default_log - DEBUG - positive_inventory ended.
2024-10-15 15:57:29,931 - default_log - DEBUG - negative_inventory
2024-10-15 15:57:29,932 - default_log - DEBUG - negative_inventory ended.
2024-10-15 15:57:29,933 - default_log - DEBUG - total_cost ended.
2024-10-15 15:57:29,936 - default_log - DEBUG - total_cost
2024-10-15 15:57:29,938 - default_log - DEBUG - positive_inventory
2024-10-15 15:57:29,940 - default_log - DEBUG - positive_inventory ended.
2024-10-15 15:57:29,941 - default_log - DEBUG - negative_inventory
2024-10-15 15:57:29,942 - default_log - DEBUG - negative_inventory ended.
2024-10-15 15:57:29,943 - default_log - DEBUG - total_cost ended.
2024-10-15 15:57:29,944 - default_log - DEBUG - total_cost
2024-10-15 15:57:29,945 - default_log - DEBUG - positive_inventory
2024-10-15 15:57:29,947 - default_log - DEBUG - positive_inventory ended.
2024-10-15 15:57:29,947 - default_log - DEBUG - negative_inventory
2024-10-15 15:57:29,948 - default_log - DEBUG - negative_inventory ended.
2024-10-15 15:57:29,949 - default_log - DEBUG - total_cost ended.
2024-10-15 15:57:29,949 - default_log - DEBUG - total_cost
2024-10-15 15:57:29,951 - default_log - DEBUG - positive_inventory
2024-10-15 15:57:29,952 - default_log - DEBUG - positive_inventory ended.
2024-10-15 15:57:29,952 - default_log - DEBUG - negative_inventory
2024-10-15 15:57:29,954 - default_log - DEBUG - negative_inventory ended.
2024-10-15 15:57:29,954 - default_log - DEBUG - total_cost ended.
2024-10-15 15:57:29,955 - default_log - DEBUG - total_cost
2024-10-15 15:57:29,956 - default_log - DEBUG - positive_inventory
2024-10-15 15:57:29,957 - default_log - DEBUG - positive_inventory ended.
2024-10-15 15:57:29,957 - default_log - DEBUG - negative_inventory
2024-10-15 15:57:29,958 - default_log - DEBUG - negative_inventory ended.
2024-10-15 15:57:29,958 - default_log - DEBUG - total_cost ended.
2024-10-15 15:57:29,959 - default_log - DEBUG - total_cost
2024-10-15 15:57:29,960 - default_log - DEBUG - positive_inventory
2024-10-15 15:57:29,961 - default_log - DEBUG - positive_inventory ended.
2024-10-15 15:57:29,962 - default_log - DEBUG - negative_inventory
2024-10-15 15:57:29,964 - default_log - DEBUG - negative_inventory ended.
2024-10-15 15:57:29,965 - default_log - DEBUG - total_cost ended.
2024-10-15 15:57:29,966 - default_log - DEBUG - total_cost
2024-10-15 15:57:29,967 - default_log - DEBUG - positive_inventory
2024-10-15 15:57:29,968 - default_log - DEBUG - positive_inventory ended.
2024-10-15 15:57:29,969 - default_log - DEBUG - negative_inventory
2024-10-15 15:57:29,969 - default_log - DEBUG - negative_inventory ended.
2024-10-15 15:57:29,970 - default_log - DEBUG - total_cost ended.
2024-10-15 15:57:29,970 - default_log - DEBUG - new_function ended.
2024-10-15 15:57:29,971 - default_log - DEBUG - positive_inventory
2024-10-15 15:57:29,972 - default_log - DEBUG - positive_inventory ended.
2024-10-15 15:57:29,973 - default_log - DEBUG - negative_inventory
2024-10-15 15:57:29,973 - default_log - DEBUG - negative_inventory ended.
2024-10-15 15:57:29,976 - default_log - DEBUG - negative_inventory
2024-10-15 15:57:29,977 - default_log - DEBUG - negative_inventory ended.
2024-10-15 15:57:30,012 - default_log - DEBUG - reorder_point_optimization ended.
