2022-04-22 13:55:24,831 - sparse_log - DEBUG - Item: 1030-61460
2022-04-22 13:55:25,014 - sparse_log - DEBUG - dealer_R_optimization
2022-04-22 13:55:25,061 - sparse_log - DEBUG - dealer_R_optimization ended.
2022-04-22 13:55:25,071 - sparse_log - DEBUG - dealer_R_optimization
2022-04-22 13:55:25,093 - sparse_log - DEBUG - dealer_R_optimization ended.
2022-04-22 13:55:25,104 - sparse_log - DEBUG - dealer_R_optimization
2022-04-22 13:55:25,123 - sparse_log - DEBUG - dealer_R_optimization ended.
2022-04-22 13:55:25,125 - sparse_log - DEBUG - dealer_R_optimization
2022-04-22 13:55:25,224 - sparse_log - DEBUG - dealer_R_optimization ended.
2022-04-22 13:55:25,224 - sparse_log - DEBUG - dealer_R_optimization
2022-04-22 13:55:25,233 - sparse_log - DEBUG - dealer_R_optimization ended.
2022-04-22 13:55:25,233 - sparse_log - DEBUG - dealer_R_optimization
2022-04-22 13:55:25,242 - sparse_log - DEBUG - dealer_R_optimization ended.
2022-04-22 13:55:25,243 - sparse_log - DEBUG - dealer_R_optimization
2022-04-22 13:55:25,244 - sparse_log - DEBUG - dealer_R_optimization ended.
2022-04-22 13:55:25,244 - sparse_log - DEBUG - dealer_R_optimization
2022-04-22 13:55:25,252 - sparse_log - DEBUG - dealer_R_optimization ended.
2022-04-22 13:55:25,253 - sparse_log - DEBUG - dealer_R_optimization
2022-04-22 13:55:25,255 - sparse_log - DEBUG - dealer_R_optimization ended.
2022-04-22 13:55:25,260 - sparse_log - DEBUG - dealer_R_optimization
2022-04-22 13:55:25,308 - sparse_log - DEBUG - dealer_R_optimization ended.
2022-04-22 13:55:25,308 - sparse_log - DEBUG - dealer_R_optimization
2022-04-22 13:55:25,309 - sparse_log - DEBUG - dealer_R_optimization ended.
2022-04-22 13:55:25,309 - sparse_log - DEBUG - dealer_R_optimization
2022-04-22 13:55:25,310 - sparse_log - DEBUG - dealer_R_optimization ended.
2022-04-22 13:55:25,310 - sparse_log - DEBUG - dealer_R_optimization
2022-04-22 13:55:25,313 - sparse_log - DEBUG - dealer_R_optimization ended.
2022-04-22 13:55:25,316 - sparse_log - DEBUG - dealer_R_optimization
2022-04-22 13:55:25,787 - sparse_log - DEBUG - dealer_R_optimization ended.
2022-04-22 13:55:26,044 - sparse_log - DEBUG - Item: 11033998
2022-04-22 13:55:26,044 - sparse_log - DEBUG - Item: 11033999
2022-04-22 13:55:26,044 - sparse_log - DEBUG - Item: 11110022
2022-04-22 13:55:26,153 - sparse_log - DEBUG - dealer_R_optimization
2022-04-22 13:55:26,306 - sparse_log - DEBUG - dealer_R_optimization ended.
2022-04-22 13:55:26,306 - sparse_log - DEBUG - dealer_R_optimization
2022-04-22 13:55:26,345 - sparse_log - DEBUG - dealer_R_optimization ended.
2022-04-22 13:55:26,346 - sparse_log - DEBUG - dealer_R_optimization
2022-04-22 13:55:26,382 - sparse_log - DEBUG - dealer_R_optimization ended.
2022-04-22 13:55:26,382 - sparse_log - DEBUG - dealer_R_optimization
2022-04-22 13:55:26,489 - sparse_log - DEBUG - dealer_R_optimization ended.
2022-04-22 13:55:26,492 - sparse_log - DEBUG - dealer_R_optimization
2022-04-22 13:55:26,537 - sparse_log - DEBUG - dealer_R_optimization ended.
2022-04-22 13:55:26,538 - sparse_log - DEBUG - dealer_R_optimization
2022-04-22 13:55:26,549 - sparse_log - DEBUG - dealer_R_optimization ended.
2022-04-22 13:55:26,549 - sparse_log - DEBUG - dealer_R_optimization
2022-04-22 13:55:26,559 - sparse_log - DEBUG - dealer_R_optimization ended.
2022-04-22 13:55:26,559 - sparse_log - DEBUG - dealer_R_optimization
2022-04-22 13:55:26,567 - sparse_log - DEBUG - dealer_R_optimization ended.
2022-04-22 13:55:26,567 - sparse_log - DEBUG - dealer_R_optimization
2022-04-22 13:55:26,572 - sparse_log - DEBUG - dealer_R_optimization ended.
2022-04-22 13:55:26,573 - sparse_log - DEBUG - dealer_R_optimization
2022-04-22 13:55:26,579 - sparse_log - DEBUG - dealer_R_optimization ended.
2022-04-22 13:55:26,579 - sparse_log - DEBUG - dealer_R_optimization
2022-04-22 13:55:26,584 - sparse_log - DEBUG - dealer_R_optimization ended.
2022-04-22 13:55:26,584 - sparse_log - DEBUG - dealer_R_optimization
2022-04-22 13:55:26,600 - sparse_log - DEBUG - dealer_R_optimization ended.
2022-04-22 13:55:26,600 - sparse_log - DEBUG - dealer_R_optimization
2022-04-22 13:55:26,610 - sparse_log - DEBUG - dealer_R_optimization ended.
2022-04-22 13:55:26,611 - sparse_log - DEBUG - dealer_R_optimization
2022-04-22 13:55:28,937 - sparse_log - DEBUG - dealer_R_optimization ended.
2022-04-22 13:55:29,093 - sparse_log - DEBUG - Item: 11110023
2022-04-22 13:55:29,156 - sparse_log - DEBUG - dealer_R_optimization
2022-04-22 13:55:29,321 - sparse_log - DEBUG - dealer_R_optimization ended.
2022-04-22 13:55:29,322 - sparse_log - DEBUG - dealer_R_optimization
2022-04-22 13:55:29,326 - sparse_log - DEBUG - dealer_R_optimization ended.
2022-04-22 13:55:29,326 - sparse_log - DEBUG - dealer_R_optimization
2022-04-22 13:55:29,338 - sparse_log - DEBUG - dealer_R_optimization ended.
2022-04-22 13:55:29,339 - sparse_log - DEBUG - dealer_R_optimization
2022-04-22 13:55:29,345 - sparse_log - DEBUG - dealer_R_optimization ended.
2022-04-22 13:55:29,345 - sparse_log - DEBUG - dealer_R_optimization
2022-04-22 13:55:29,348 - sparse_log - DEBUG - dealer_R_optimization ended.
2022-04-22 13:55:29,349 - sparse_log - DEBUG - dealer_R_optimization
2022-04-22 13:55:29,351 - sparse_log - DEBUG - dealer_R_optimization ended.
2022-04-22 13:55:29,351 - sparse_log - DEBUG - dealer_R_optimization
2022-04-22 13:55:29,358 - sparse_log - DEBUG - dealer_R_optimization ended.
2022-04-22 13:55:29,358 - sparse_log - DEBUG - dealer_R_optimization
2022-04-22 13:55:29,364 - sparse_log - DEBUG - dealer_R_optimization ended.
2022-04-22 13:55:29,364 - sparse_log - DEBUG - dealer_R_optimization
2022-04-22 13:55:29,369 - sparse_log - DEBUG - dealer_R_optimization ended.
2022-04-22 13:55:29,370 - sparse_log - DEBUG - dealer_R_optimization
2022-04-22 13:55:29,373 - sparse_log - DEBUG - dealer_R_optimization ended.
2022-04-22 13:55:29,373 - sparse_log - DEBUG - dealer_R_optimization
2022-04-22 13:55:29,377 - sparse_log - DEBUG - dealer_R_optimization ended.
2022-04-22 13:55:29,378 - sparse_log - DEBUG - dealer_R_optimization
2022-04-22 13:55:29,393 - sparse_log - DEBUG - dealer_R_optimization ended.
2022-04-22 13:55:29,393 - sparse_log - DEBUG - dealer_R_optimization
2022-04-22 13:55:29,397 - sparse_log - DEBUG - dealer_R_optimization ended.
2022-04-22 13:55:29,398 - sparse_log - DEBUG - dealer_R_optimization
2022-04-22 13:55:31,304 - sparse_log - DEBUG - dealer_R_optimization ended.
2022-04-22 13:55:31,424 - sparse_log - DEBUG - Item: 11110175
2022-04-22 13:55:31,483 - sparse_log - DEBUG - dealer_R_optimization
2022-04-22 13:55:31,936 - sparse_log - DEBUG - dealer_R_optimization ended.
2022-04-22 13:55:31,937 - sparse_log - DEBUG - dealer_R_optimization
2022-04-22 13:55:31,946 - sparse_log - DEBUG - dealer_R_optimization ended.
2022-04-22 13:55:31,947 - sparse_log - DEBUG - dealer_R_optimization
2022-04-22 13:55:31,960 - sparse_log - DEBUG - dealer_R_optimization ended.
2022-04-22 13:55:31,961 - sparse_log - DEBUG - dealer_R_optimization
2022-04-22 13:55:31,993 - sparse_log - DEBUG - dealer_R_optimization ended.
2022-04-22 13:55:31,994 - sparse_log - DEBUG - dealer_R_optimization
2022-04-22 13:55:32,001 - sparse_log - DEBUG - dealer_R_optimization ended.
2022-04-22 13:55:32,001 - sparse_log - DEBUG - dealer_R_optimization
2022-04-22 13:55:32,001 - sparse_log - DEBUG - dealer_R_optimization ended.
2022-04-22 13:55:32,005 - sparse_log - DEBUG - dealer_R_optimization
2022-04-22 13:55:32,016 - sparse_log - DEBUG - dealer_R_optimization ended.
2022-04-22 13:55:32,016 - sparse_log - DEBUG - dealer_R_optimization
2022-04-22 13:55:32,030 - sparse_log - DEBUG - dealer_R_optimization ended.
2022-04-22 13:55:32,030 - sparse_log - DEBUG - dealer_R_optimization
2022-04-22 13:55:32,146 - sparse_log - DEBUG - dealer_R_optimization ended.
2022-04-22 13:55:32,161 - sparse_log - DEBUG - dealer_R_optimization
2022-04-22 13:55:32,182 - sparse_log - DEBUG - dealer_R_optimization ended.
2022-04-22 13:55:32,182 - sparse_log - DEBUG - dealer_R_optimization
2022-04-22 13:55:32,222 - sparse_log - DEBUG - dealer_R_optimization ended.
2022-04-22 13:55:32,228 - sparse_log - DEBUG - dealer_R_optimization
2022-04-22 13:55:32,246 - sparse_log - DEBUG - dealer_R_optimization ended.
2022-04-22 13:55:32,248 - sparse_log - DEBUG - dealer_R_optimization
2022-04-22 13:55:32,265 - sparse_log - DEBUG - dealer_R_optimization ended.
2022-04-22 13:55:32,267 - sparse_log - DEBUG - dealer_R_optimization
2022-04-22 13:55:33,757 - sparse_log - DEBUG - dealer_R_optimization ended.
2022-04-22 13:55:33,833 - sparse_log - DEBUG - Item: 11110176
2022-04-22 13:55:33,889 - sparse_log - DEBUG - dealer_R_optimization
2022-04-22 13:55:34,175 - sparse_log - DEBUG - dealer_R_optimization ended.
2022-04-22 13:55:34,175 - sparse_log - DEBUG - dealer_R_optimization
2022-04-22 13:55:34,191 - sparse_log - DEBUG - dealer_R_optimization ended.
2022-04-22 13:55:34,191 - sparse_log - DEBUG - dealer_R_optimization
2022-04-22 13:55:34,206 - sparse_log - DEBUG - dealer_R_optimization ended.
2022-04-22 13:55:34,211 - sparse_log - DEBUG - dealer_R_optimization
2022-04-22 13:55:34,290 - sparse_log - DEBUG - dealer_R_optimization ended.
2022-04-22 13:55:34,290 - sparse_log - DEBUG - dealer_R_optimization
2022-04-22 13:55:34,438 - sparse_log - DEBUG - dealer_R_optimization ended.
2022-04-22 13:55:34,438 - sparse_log - DEBUG - dealer_R_optimization
2022-04-22 13:55:34,440 - sparse_log - DEBUG - dealer_R_optimization ended.
2022-04-22 13:55:34,440 - sparse_log - DEBUG - dealer_R_optimization
2022-04-22 13:55:34,443 - sparse_log - DEBUG - dealer_R_optimization ended.
2022-04-22 13:55:34,444 - sparse_log - DEBUG - dealer_R_optimization
2022-04-22 13:55:34,449 - sparse_log - DEBUG - dealer_R_optimization ended.
2022-04-22 13:55:34,449 - sparse_log - DEBUG - dealer_R_optimization
2022-04-22 13:55:34,452 - sparse_log - DEBUG - dealer_R_optimization ended.
2022-04-22 13:55:34,453 - sparse_log - DEBUG - dealer_R_optimization
2022-04-22 13:55:34,461 - sparse_log - DEBUG - dealer_R_optimization ended.
2022-04-22 13:55:34,461 - sparse_log - DEBUG - dealer_R_optimization
2022-04-22 13:55:34,467 - sparse_log - DEBUG - dealer_R_optimization ended.
2022-04-22 13:55:34,467 - sparse_log - DEBUG - dealer_R_optimization
2022-04-22 13:55:34,469 - sparse_log - DEBUG - dealer_R_optimization ended.
2022-04-22 13:55:34,469 - sparse_log - DEBUG - dealer_R_optimization
2022-04-22 13:55:34,479 - sparse_log - DEBUG - dealer_R_optimization ended.
2022-04-22 13:55:34,479 - sparse_log - DEBUG - dealer_R_optimization
2022-04-22 13:55:35,955 - sparse_log - DEBUG - dealer_R_optimization ended.
2022-04-22 13:55:36,037 - sparse_log - DEBUG - Item: 11110283
2022-04-22 13:55:36,170 - sparse_log - DEBUG - dealer_R_optimization
2022-04-22 13:55:36,179 - sparse_log - DEBUG - dealer_R_optimization ended.
2022-04-22 13:55:36,179 - sparse_log - DEBUG - dealer_R_optimization
2022-04-22 13:55:36,183 - sparse_log - DEBUG - dealer_R_optimization ended.
2022-04-22 13:55:36,183 - sparse_log - DEBUG - dealer_R_optimization
2022-04-22 13:55:36,191 - sparse_log - DEBUG - dealer_R_optimization ended.
2022-04-22 13:55:36,197 - sparse_log - DEBUG - dealer_R_optimization
2022-04-22 13:55:36,282 - sparse_log - DEBUG - dealer_R_optimization ended.
2022-04-22 13:55:36,283 - sparse_log - DEBUG - dealer_R_optimization
2022-04-22 13:55:36,325 - sparse_log - DEBUG - dealer_R_optimization ended.
2022-04-22 13:55:36,325 - sparse_log - DEBUG - dealer_R_optimization
2022-04-22 13:55:36,331 - sparse_log - DEBUG - dealer_R_optimization ended.
2022-04-22 13:55:36,332 - sparse_log - DEBUG - dealer_R_optimization
2022-04-22 13:55:36,335 - sparse_log - DEBUG - dealer_R_optimization ended.
2022-04-22 13:55:36,335 - sparse_log - DEBUG - dealer_R_optimization
2022-04-22 13:55:36,367 - sparse_log - DEBUG - dealer_R_optimization ended.
2022-04-22 13:55:36,367 - sparse_log - DEBUG - dealer_R_optimization
2022-04-22 13:55:36,368 - sparse_log - DEBUG - dealer_R_optimization ended.
2022-04-22 13:55:36,369 - sparse_log - DEBUG - dealer_R_optimization
2022-04-22 13:55:36,374 - sparse_log - DEBUG - dealer_R_optimization ended.
2022-04-22 13:55:36,374 - sparse_log - DEBUG - dealer_R_optimization
2022-04-22 13:55:36,376 - sparse_log - DEBUG - dealer_R_optimization ended.
2022-04-22 13:55:36,376 - sparse_log - DEBUG - dealer_R_optimization
2022-04-22 13:55:36,377 - sparse_log - DEBUG - dealer_R_optimization ended.
2022-04-22 13:55:36,378 - sparse_log - DEBUG - dealer_R_optimization
2022-04-22 13:55:37,296 - sparse_log - DEBUG - dealer_R_optimization ended.
2022-04-22 13:55:37,376 - sparse_log - DEBUG - Item: 11110532
2022-04-22 13:55:37,376 - sparse_log - DEBUG - Item: 11110533
2022-04-22 13:55:37,376 - sparse_log - DEBUG - Item: 11110668
2022-04-22 13:55:37,442 - sparse_log - DEBUG - dealer_R_optimization
2022-04-22 13:55:37,516 - sparse_log - DEBUG - dealer_R_optimization ended.
2022-04-22 13:55:37,516 - sparse_log - DEBUG - dealer_R_optimization
2022-04-22 13:55:37,524 - sparse_log - DEBUG - dealer_R_optimization ended.
2022-04-22 13:55:37,524 - sparse_log - DEBUG - dealer_R_optimization
2022-04-22 13:55:37,529 - sparse_log - DEBUG - dealer_R_optimization ended.
2022-04-22 13:55:37,529 - sparse_log - DEBUG - dealer_R_optimization
2022-04-22 13:55:37,535 - sparse_log - DEBUG - dealer_R_optimization ended.
2022-04-22 13:55:37,535 - sparse_log - DEBUG - dealer_R_optimization
2022-04-22 13:55:37,549 - sparse_log - DEBUG - dealer_R_optimization ended.
2022-04-22 13:55:37,549 - sparse_log - DEBUG - dealer_R_optimization
2022-04-22 13:55:37,552 - sparse_log - DEBUG - dealer_R_optimization ended.
2022-04-22 13:55:37,552 - sparse_log - DEBUG - dealer_R_optimization
2022-04-22 13:55:37,616 - sparse_log - DEBUG - dealer_R_optimization ended.
2022-04-22 13:55:37,616 - sparse_log - DEBUG - dealer_R_optimization
2022-04-22 13:55:37,753 - sparse_log - DEBUG - dealer_R_optimization ended.
2022-04-22 13:55:37,761 - sparse_log - DEBUG - dealer_R_optimization
2022-04-22 13:55:37,782 - sparse_log - DEBUG - dealer_R_optimization ended.
2022-04-22 13:55:37,809 - sparse_log - DEBUG - dealer_R_optimization
2022-04-22 13:55:37,948 - sparse_log - DEBUG - dealer_R_optimization ended.
2022-04-22 13:55:37,949 - sparse_log - DEBUG - dealer_R_optimization
2022-04-22 13:55:37,951 - sparse_log - DEBUG - dealer_R_optimization ended.
2022-04-22 13:55:37,951 - sparse_log - DEBUG - dealer_R_optimization
2022-04-22 13:55:37,953 - sparse_log - DEBUG - dealer_R_optimization ended.
2022-04-22 13:55:37,953 - sparse_log - DEBUG - dealer_R_optimization
2022-04-22 13:55:37,960 - sparse_log - DEBUG - dealer_R_optimization ended.
2022-04-22 13:55:37,960 - sparse_log - DEBUG - dealer_R_optimization
2022-04-22 13:55:39,856 - sparse_log - DEBUG - dealer_R_optimization ended.
2022-04-22 13:55:39,966 - sparse_log - DEBUG - Item: 11110683
2022-04-22 13:55:39,970 - sparse_log - DEBUG - Item: 11172907
2022-04-22 13:55:39,970 - sparse_log - DEBUG - Item: 1141-00010
2022-04-22 13:55:40,083 - sparse_log - DEBUG - dealer_R_optimization
2022-04-22 13:55:40,103 - sparse_log - DEBUG - dealer_R_optimization ended.
2022-04-22 13:55:40,105 - sparse_log - DEBUG - dealer_R_optimization
2022-04-22 13:55:40,117 - sparse_log - DEBUG - dealer_R_optimization ended.
2022-04-22 13:55:40,123 - sparse_log - DEBUG - dealer_R_optimization
2022-04-22 13:55:40,144 - sparse_log - DEBUG - dealer_R_optimization ended.
2022-04-22 13:55:40,144 - sparse_log - DEBUG - dealer_R_optimization
2022-04-22 13:55:40,160 - sparse_log - DEBUG - dealer_R_optimization ended.
2022-04-22 13:55:40,161 - sparse_log - DEBUG - dealer_R_optimization
2022-04-22 13:55:40,169 - sparse_log - DEBUG - dealer_R_optimization ended.
2022-04-22 13:55:40,169 - sparse_log - DEBUG - dealer_R_optimization
2022-04-22 13:55:40,174 - sparse_log - DEBUG - dealer_R_optimization ended.
2022-04-22 13:55:40,174 - sparse_log - DEBUG - dealer_R_optimization
2022-04-22 13:55:40,178 - sparse_log - DEBUG - dealer_R_optimization ended.
2022-04-22 13:55:40,178 - sparse_log - DEBUG - dealer_R_optimization
2022-04-22 13:55:40,189 - sparse_log - DEBUG - dealer_R_optimization ended.
2022-04-22 13:55:40,189 - sparse_log - DEBUG - dealer_R_optimization
2022-04-22 13:55:40,209 - sparse_log - DEBUG - dealer_R_optimization ended.
2022-04-22 13:55:40,209 - sparse_log - DEBUG - dealer_R_optimization
2022-04-22 13:55:40,245 - sparse_log - DEBUG - dealer_R_optimization ended.
2022-04-22 13:55:40,256 - sparse_log - DEBUG - dealer_R_optimization
2022-04-22 13:55:40,260 - sparse_log - DEBUG - dealer_R_optimization ended.
2022-04-22 13:55:40,260 - sparse_log - DEBUG - dealer_R_optimization
2022-04-22 13:55:40,262 - sparse_log - DEBUG - dealer_R_optimization ended.
2022-04-22 13:55:40,262 - sparse_log - DEBUG - dealer_R_optimization
2022-04-22 13:55:40,269 - sparse_log - DEBUG - dealer_R_optimization ended.
2022-04-22 13:55:40,273 - sparse_log - DEBUG - dealer_R_optimization
2022-04-22 13:55:40,341 - sparse_log - DEBUG - dealer_R_optimization ended.
2022-04-22 13:55:40,509 - sparse_log - DEBUG - Item: 11448509
2022-04-22 13:55:40,509 - sparse_log - DEBUG - Item: 11700375
2022-04-22 13:55:40,627 - sparse_log - DEBUG - dealer_R_optimization
2022-04-22 13:55:40,641 - sparse_log - DEBUG - dealer_R_optimization ended.
2022-04-22 13:55:40,641 - sparse_log - DEBUG - dealer_R_optimization
2022-04-22 13:55:40,644 - sparse_log - DEBUG - dealer_R_optimization ended.
2022-04-22 13:55:40,645 - sparse_log - DEBUG - dealer_R_optimization
2022-04-22 13:55:40,653 - sparse_log - DEBUG - dealer_R_optimization ended.
2022-04-22 13:55:40,653 - sparse_log - DEBUG - dealer_R_optimization
2022-04-22 13:55:40,661 - sparse_log - DEBUG - dealer_R_optimization ended.
2022-04-22 13:55:40,662 - sparse_log - DEBUG - dealer_R_optimization
2022-04-22 13:55:40,694 - sparse_log - DEBUG - dealer_R_optimization ended.
2022-04-22 13:55:40,695 - sparse_log - DEBUG - dealer_R_optimization
2022-04-22 13:55:40,707 - sparse_log - DEBUG - dealer_R_optimization ended.
2022-04-22 13:55:40,707 - sparse_log - DEBUG - dealer_R_optimization
2022-04-22 13:55:40,711 - sparse_log - DEBUG - dealer_R_optimization ended.
2022-04-22 13:55:40,711 - sparse_log - DEBUG - dealer_R_optimization
2022-04-22 13:55:40,911 - sparse_log - DEBUG - dealer_R_optimization ended.
2022-04-22 13:55:40,911 - sparse_log - DEBUG - dealer_R_optimization
2022-04-22 13:55:40,915 - sparse_log - DEBUG - dealer_R_optimization ended.
2022-04-22 13:55:40,915 - sparse_log - DEBUG - dealer_R_optimization
2022-04-22 13:55:40,921 - sparse_log - DEBUG - dealer_R_optimization ended.
2022-04-22 13:55:40,921 - sparse_log - DEBUG - dealer_R_optimization
2022-04-22 13:55:40,924 - sparse_log - DEBUG - dealer_R_optimization ended.
2022-04-22 13:55:40,925 - sparse_log - DEBUG - dealer_R_optimization
2022-04-22 13:55:40,926 - sparse_log - DEBUG - dealer_R_optimization ended.
2022-04-22 13:55:40,926 - sparse_log - DEBUG - dealer_R_optimization
2022-04-22 13:55:40,929 - sparse_log - DEBUG - dealer_R_optimization ended.
2022-04-22 13:55:40,933 - sparse_log - DEBUG - dealer_R_optimization
2022-04-22 13:55:40,935 - sparse_log - DEBUG - dealer_R_optimization ended.
2022-04-22 13:55:41,116 - sparse_log - DEBUG - Item: 11703980
2022-04-22 13:55:41,116 - sparse_log - DEBUG - Item: 11707077
2022-04-22 13:55:41,116 - sparse_log - DEBUG - Item: 11708551
2022-04-22 13:55:41,165 - sparse_log - DEBUG - dealer_R_optimization
2022-04-22 13:55:41,369 - sparse_log - DEBUG - dealer_R_optimization ended.
2022-04-22 13:55:41,369 - sparse_log - DEBUG - dealer_R_optimization
2022-04-22 13:55:41,382 - sparse_log - DEBUG - dealer_R_optimization ended.
2022-04-22 13:55:41,382 - sparse_log - DEBUG - dealer_R_optimization
2022-04-22 13:55:41,397 - sparse_log - DEBUG - dealer_R_optimization ended.
2022-04-22 13:55:41,397 - sparse_log - DEBUG - dealer_R_optimization
2022-04-22 13:55:41,400 - sparse_log - DEBUG - dealer_R_optimization ended.
2022-04-22 13:55:41,400 - sparse_log - DEBUG - dealer_R_optimization
2022-04-22 13:55:41,404 - sparse_log - DEBUG - dealer_R_optimization ended.
2022-04-22 13:55:41,404 - sparse_log - DEBUG - dealer_R_optimization
2022-04-22 13:55:41,407 - sparse_log - DEBUG - dealer_R_optimization ended.
2022-04-22 13:55:41,407 - sparse_log - DEBUG - dealer_R_optimization
2022-04-22 13:55:41,410 - sparse_log - DEBUG - dealer_R_optimization ended.
2022-04-22 13:55:41,414 - sparse_log - DEBUG - dealer_R_optimization
2022-04-22 13:55:41,416 - sparse_log - DEBUG - dealer_R_optimization ended.
2022-04-22 13:55:41,417 - sparse_log - DEBUG - dealer_R_optimization
2022-04-22 13:55:41,419 - sparse_log - DEBUG - dealer_R_optimization ended.
2022-04-22 13:55:41,421 - sparse_log - DEBUG - dealer_R_optimization
2022-04-22 13:55:41,520 - sparse_log - DEBUG - dealer_R_optimization ended.
2022-04-22 13:55:41,610 - sparse_log - DEBUG - Item: 11708555
2022-04-22 13:55:41,611 - sparse_log - DEBUG - Item: 11709050
2022-04-22 13:55:41,668 - sparse_log - DEBUG - dealer_R_optimization
2022-04-22 13:55:41,687 - sparse_log - DEBUG - dealer_R_optimization ended.
2022-04-22 13:55:41,687 - sparse_log - DEBUG - dealer_R_optimization
2022-04-22 13:55:41,700 - sparse_log - DEBUG - dealer_R_optimization ended.
2022-04-22 13:55:41,700 - sparse_log - DEBUG - dealer_R_optimization
2022-04-22 13:55:41,719 - sparse_log - DEBUG - dealer_R_optimization ended.
2022-04-22 13:55:41,720 - sparse_log - DEBUG - dealer_R_optimization
2022-04-22 13:55:41,721 - sparse_log - DEBUG - dealer_R_optimization ended.
2022-04-22 13:55:41,722 - sparse_log - DEBUG - dealer_R_optimization
2022-04-22 13:55:41,722 - sparse_log - DEBUG - dealer_R_optimization ended.
2022-04-22 13:55:41,725 - sparse_log - DEBUG - dealer_R_optimization
2022-04-22 13:55:41,735 - sparse_log - DEBUG - dealer_R_optimization ended.
2022-04-22 13:55:41,735 - sparse_log - DEBUG - dealer_R_optimization
2022-04-22 13:55:41,739 - sparse_log - DEBUG - dealer_R_optimization ended.
2022-04-22 13:55:41,739 - sparse_log - DEBUG - dealer_R_optimization
2022-04-22 13:55:41,750 - sparse_log - DEBUG - dealer_R_optimization ended.
2022-04-22 13:55:41,754 - sparse_log - DEBUG - dealer_R_optimization
2022-04-22 13:55:41,767 - sparse_log - DEBUG - dealer_R_optimization ended.
2022-04-22 13:55:41,767 - sparse_log - DEBUG - dealer_R_optimization
2022-04-22 13:55:41,821 - sparse_log - DEBUG - dealer_R_optimization ended.
2022-04-22 13:55:41,821 - sparse_log - DEBUG - dealer_R_optimization
2022-04-22 13:55:41,830 - sparse_log - DEBUG - dealer_R_optimization ended.
2022-04-22 13:55:41,830 - sparse_log - DEBUG - dealer_R_optimization
2022-04-22 13:55:41,831 - sparse_log - DEBUG - dealer_R_optimization ended.
2022-04-22 13:55:41,837 - sparse_log - DEBUG - dealer_R_optimization
2022-04-22 13:55:41,838 - sparse_log - DEBUG - dealer_R_optimization ended.
2022-04-22 13:55:41,838 - sparse_log - DEBUG - dealer_R_optimization
2022-04-22 13:55:41,904 - sparse_log - DEBUG - dealer_R_optimization ended.
2022-04-22 13:55:41,966 - sparse_log - DEBUG - Item: 11709051
2022-04-22 13:55:42,014 - sparse_log - DEBUG - dealer_R_optimization
2022-04-22 13:55:42,015 - sparse_log - DEBUG - dealer_R_optimization ended.
2022-04-22 13:55:42,015 - sparse_log - DEBUG - dealer_R_optimization
2022-04-22 13:55:42,018 - sparse_log - DEBUG - dealer_R_optimization ended.
2022-04-22 13:55:42,019 - sparse_log - DEBUG - dealer_R_optimization
2022-04-22 13:55:42,021 - sparse_log - DEBUG - dealer_R_optimization ended.
2022-04-22 13:55:42,021 - sparse_log - DEBUG - dealer_R_optimization
2022-04-22 13:55:42,033 - sparse_log - DEBUG - dealer_R_optimization ended.
2022-04-22 13:55:42,033 - sparse_log - DEBUG - dealer_R_optimization
2022-04-22 13:55:42,039 - sparse_log - DEBUG - dealer_R_optimization ended.
2022-04-22 13:55:42,040 - sparse_log - DEBUG - dealer_R_optimization
2022-04-22 13:55:42,049 - sparse_log - DEBUG - dealer_R_optimization ended.
2022-04-22 13:55:42,049 - sparse_log - DEBUG - dealer_R_optimization
2022-04-22 13:55:42,050 - sparse_log - DEBUG - dealer_R_optimization ended.
2022-04-22 13:55:42,052 - sparse_log - DEBUG - dealer_R_optimization
2022-04-22 13:55:42,056 - sparse_log - DEBUG - dealer_R_optimization ended.
2022-04-22 13:55:42,056 - sparse_log - DEBUG - dealer_R_optimization
2022-04-22 13:55:42,063 - sparse_log - DEBUG - dealer_R_optimization ended.
2022-04-22 13:55:42,066 - sparse_log - DEBUG - dealer_R_optimization
2022-04-22 13:55:42,113 - sparse_log - DEBUG - dealer_R_optimization ended.
2022-04-22 13:55:42,173 - sparse_log - DEBUG - Item: 11709133
2022-04-22 13:55:42,230 - sparse_log - DEBUG - dealer_R_optimization
2022-04-22 13:55:42,231 - sparse_log - DEBUG - dealer_R_optimization ended.
2022-04-22 13:55:42,232 - sparse_log - DEBUG - dealer_R_optimization
2022-04-22 13:55:42,233 - sparse_log - DEBUG - dealer_R_optimization ended.
2022-04-22 13:55:42,233 - sparse_log - DEBUG - dealer_R_optimization
2022-04-22 13:55:42,234 - sparse_log - DEBUG - dealer_R_optimization ended.
2022-04-22 13:55:42,234 - sparse_log - DEBUG - dealer_R_optimization
2022-04-22 13:55:42,239 - sparse_log - DEBUG - dealer_R_optimization ended.
2022-04-22 13:55:42,239 - sparse_log - DEBUG - dealer_R_optimization
2022-04-22 13:55:42,243 - sparse_log - DEBUG - dealer_R_optimization ended.
2022-04-22 13:55:42,243 - sparse_log - DEBUG - dealer_R_optimization
2022-04-22 13:55:42,247 - sparse_log - DEBUG - dealer_R_optimization ended.
2022-04-22 13:55:42,247 - sparse_log - DEBUG - dealer_R_optimization
2022-04-22 13:55:42,247 - sparse_log - DEBUG - dealer_R_optimization ended.
2022-04-22 13:55:42,248 - sparse_log - DEBUG - dealer_R_optimization
2022-04-22 13:55:42,250 - sparse_log - DEBUG - dealer_R_optimization ended.
2022-04-22 13:55:42,250 - sparse_log - DEBUG - dealer_R_optimization
2022-04-22 13:55:42,251 - sparse_log - DEBUG - dealer_R_optimization ended.
2022-04-22 13:55:42,251 - sparse_log - DEBUG - dealer_R_optimization
2022-04-22 13:55:42,253 - sparse_log - DEBUG - dealer_R_optimization ended.
2022-04-22 13:55:42,253 - sparse_log - DEBUG - dealer_R_optimization
2022-04-22 13:55:42,255 - sparse_log - DEBUG - dealer_R_optimization ended.
2022-04-22 13:55:42,255 - sparse_log - DEBUG - dealer_R_optimization
2022-04-22 13:55:42,265 - sparse_log - DEBUG - dealer_R_optimization ended.
2022-04-22 13:55:42,384 - sparse_log - DEBUG - Item: 11709302
2022-04-22 13:55:42,435 - sparse_log - DEBUG - dealer_R_optimization
2022-04-22 13:55:42,438 - sparse_log - DEBUG - dealer_R_optimization ended.
2022-04-22 13:55:42,438 - sparse_log - DEBUG - dealer_R_optimization
2022-04-22 13:55:42,439 - sparse_log - DEBUG - dealer_R_optimization ended.
2022-04-22 13:55:42,440 - sparse_log - DEBUG - dealer_R_optimization
2022-04-22 13:55:42,441 - sparse_log - DEBUG - dealer_R_optimization ended.
2022-04-22 13:55:42,441 - sparse_log - DEBUG - dealer_R_optimization
2022-04-22 13:55:42,443 - sparse_log - DEBUG - dealer_R_optimization ended.
2022-04-22 13:55:42,443 - sparse_log - DEBUG - dealer_R_optimization
2022-04-22 13:55:42,445 - sparse_log - DEBUG - dealer_R_optimization ended.
2022-04-22 13:55:42,445 - sparse_log - DEBUG - dealer_R_optimization
2022-04-22 13:55:42,446 - sparse_log - DEBUG - dealer_R_optimization ended.
2022-04-22 13:55:42,447 - sparse_log - DEBUG - dealer_R_optimization
2022-04-22 13:55:42,449 - sparse_log - DEBUG - dealer_R_optimization ended.
2022-04-22 13:55:42,449 - sparse_log - DEBUG - dealer_R_optimization
2022-04-22 13:55:42,450 - sparse_log - DEBUG - dealer_R_optimization ended.
2022-04-22 13:55:42,450 - sparse_log - DEBUG - dealer_R_optimization
2022-04-22 13:55:42,451 - sparse_log - DEBUG - dealer_R_optimization ended.
2022-04-22 13:55:42,451 - sparse_log - DEBUG - dealer_R_optimization
2022-04-22 13:55:42,452 - sparse_log - DEBUG - dealer_R_optimization ended.
2022-04-22 13:55:42,452 - sparse_log - DEBUG - dealer_R_optimization
2022-04-22 13:55:42,453 - sparse_log - DEBUG - dealer_R_optimization ended.
2022-04-22 13:55:42,453 - sparse_log - DEBUG - dealer_R_optimization
2022-04-22 13:55:42,454 - sparse_log - DEBUG - dealer_R_optimization ended.
2022-04-22 13:55:42,454 - sparse_log - DEBUG - dealer_R_optimization
2022-04-22 13:55:42,458 - sparse_log - DEBUG - dealer_R_optimization ended.
2022-04-22 13:55:42,509 - sparse_log - DEBUG - Item: 11713240
2022-04-22 13:55:42,509 - sparse_log - DEBUG - Item: 11715254
2022-04-22 13:55:42,578 - sparse_log - DEBUG - dealer_R_optimization
2022-04-22 13:55:42,600 - sparse_log - DEBUG - dealer_R_optimization ended.
2022-04-22 13:55:42,611 - sparse_log - DEBUG - dealer_R_optimization
2022-04-22 13:55:42,632 - sparse_log - DEBUG - dealer_R_optimization ended.
2022-04-22 13:55:42,638 - sparse_log - DEBUG - dealer_R_optimization
2022-04-22 13:55:42,655 - sparse_log - DEBUG - dealer_R_optimization ended.
2022-04-22 13:55:42,659 - sparse_log - DEBUG - dealer_R_optimization
2022-04-22 13:55:42,692 - sparse_log - DEBUG - dealer_R_optimization ended.
2022-04-22 13:55:42,698 - sparse_log - DEBUG - dealer_R_optimization
2022-04-22 13:55:42,708 - sparse_log - DEBUG - dealer_R_optimization ended.
2022-04-22 13:55:42,712 - sparse_log - DEBUG - dealer_R_optimization
2022-04-22 13:55:42,716 - sparse_log - DEBUG - dealer_R_optimization ended.
2022-04-22 13:55:42,717 - sparse_log - DEBUG - dealer_R_optimization
2022-04-22 13:55:42,721 - sparse_log - DEBUG - dealer_R_optimization ended.
2022-04-22 13:55:42,722 - sparse_log - DEBUG - dealer_R_optimization
2022-04-22 13:55:42,728 - sparse_log - DEBUG - dealer_R_optimization ended.
2022-04-22 13:55:42,728 - sparse_log - DEBUG - dealer_R_optimization
2022-04-22 13:55:42,728 - sparse_log - DEBUG - dealer_R_optimization ended.
2022-04-22 13:55:42,729 - sparse_log - DEBUG - dealer_R_optimization
2022-04-22 13:55:42,729 - sparse_log - DEBUG - dealer_R_optimization ended.
2022-04-22 13:55:42,729 - sparse_log - DEBUG - dealer_R_optimization
2022-04-22 13:55:42,730 - sparse_log - DEBUG - dealer_R_optimization ended.
2022-04-22 13:55:42,731 - sparse_log - DEBUG - dealer_R_optimization
2022-04-22 13:55:42,738 - sparse_log - DEBUG - dealer_R_optimization ended.
2022-04-22 13:55:42,738 - sparse_log - DEBUG - dealer_R_optimization
2022-04-22 13:55:42,739 - sparse_log - DEBUG - dealer_R_optimization ended.
2022-04-22 13:55:42,743 - sparse_log - DEBUG - dealer_R_optimization
2022-04-22 13:55:42,828 - sparse_log - DEBUG - dealer_R_optimization ended.
2022-04-22 13:55:42,895 - sparse_log - DEBUG - Item: 11716790
2022-04-22 13:55:42,939 - sparse_log - DEBUG - dealer_R_optimization
2022-04-22 13:55:42,940 - sparse_log - DEBUG - dealer_R_optimization ended.
2022-04-22 13:55:42,940 - sparse_log - DEBUG - dealer_R_optimization
2022-04-22 13:55:42,942 - sparse_log - DEBUG - dealer_R_optimization ended.
2022-04-22 13:55:42,942 - sparse_log - DEBUG - dealer_R_optimization
2022-04-22 13:55:42,945 - sparse_log - DEBUG - dealer_R_optimization ended.
2022-04-22 13:55:42,945 - sparse_log - DEBUG - dealer_R_optimization
2022-04-22 13:55:42,947 - sparse_log - DEBUG - dealer_R_optimization ended.
2022-04-22 13:55:42,947 - sparse_log - DEBUG - dealer_R_optimization
2022-04-22 13:55:42,948 - sparse_log - DEBUG - dealer_R_optimization ended.
2022-04-22 13:55:42,949 - sparse_log - DEBUG - dealer_R_optimization
2022-04-22 13:55:42,951 - sparse_log - DEBUG - dealer_R_optimization ended.
2022-04-22 13:55:42,951 - sparse_log - DEBUG - dealer_R_optimization
2022-04-22 13:55:42,954 - sparse_log - DEBUG - dealer_R_optimization ended.
2022-04-22 13:55:42,954 - sparse_log - DEBUG - dealer_R_optimization
2022-04-22 13:55:42,955 - sparse_log - DEBUG - dealer_R_optimization ended.
2022-04-22 13:55:42,956 - sparse_log - DEBUG - dealer_R_optimization
2022-04-22 13:55:42,957 - sparse_log - DEBUG - dealer_R_optimization ended.
2022-04-22 13:55:42,957 - sparse_log - DEBUG - dealer_R_optimization
2022-04-22 13:55:42,964 - sparse_log - DEBUG - dealer_R_optimization ended.
2022-04-22 13:55:43,027 - sparse_log - DEBUG - Item: 11882353
2022-04-22 13:55:43,078 - sparse_log - DEBUG - dealer_R_optimization
2022-04-22 13:55:43,096 - sparse_log - DEBUG - dealer_R_optimization ended.
2022-04-22 13:55:43,097 - sparse_log - DEBUG - dealer_R_optimization
2022-04-22 13:55:43,104 - sparse_log - DEBUG - dealer_R_optimization ended.
2022-04-22 13:55:43,105 - sparse_log - DEBUG - dealer_R_optimization
2022-04-22 13:55:43,112 - sparse_log - DEBUG - dealer_R_optimization ended.
2022-04-22 13:55:43,112 - sparse_log - DEBUG - dealer_R_optimization
2022-04-22 13:55:43,121 - sparse_log - DEBUG - dealer_R_optimization ended.
2022-04-22 13:55:43,122 - sparse_log - DEBUG - dealer_R_optimization
2022-04-22 13:55:43,130 - sparse_log - DEBUG - dealer_R_optimization ended.
2022-04-22 13:55:43,131 - sparse_log - DEBUG - dealer_R_optimization
2022-04-22 13:55:43,139 - sparse_log - DEBUG - dealer_R_optimization ended.
2022-04-22 13:55:43,139 - sparse_log - DEBUG - dealer_R_optimization
2022-04-22 13:55:43,147 - sparse_log - DEBUG - dealer_R_optimization ended.
2022-04-22 13:55:43,148 - sparse_log - DEBUG - dealer_R_optimization
2022-04-22 13:55:43,155 - sparse_log - DEBUG - dealer_R_optimization ended.
2022-04-22 13:55:43,155 - sparse_log - DEBUG - dealer_R_optimization
2022-04-22 13:55:43,156 - sparse_log - DEBUG - dealer_R_optimization ended.
2022-04-22 13:55:43,157 - sparse_log - DEBUG - dealer_R_optimization
2022-04-22 13:55:43,162 - sparse_log - DEBUG - dealer_R_optimization ended.
2022-04-22 13:55:43,163 - sparse_log - DEBUG - dealer_R_optimization
2022-04-22 13:55:43,258 - sparse_log - DEBUG - dealer_R_optimization ended.
2022-04-22 13:55:43,330 - sparse_log - DEBUG - Item: 11883618
2022-04-22 13:55:43,403 - sparse_log - DEBUG - dealer_R_optimization
2022-04-22 13:55:43,413 - sparse_log - DEBUG - dealer_R_optimization ended.
2022-04-22 13:55:43,413 - sparse_log - DEBUG - dealer_R_optimization
2022-04-22 13:55:43,419 - sparse_log - DEBUG - dealer_R_optimization ended.
2022-04-22 13:55:43,421 - sparse_log - DEBUG - dealer_R_optimization
2022-04-22 13:55:43,436 - sparse_log - DEBUG - dealer_R_optimization ended.
2022-04-22 13:55:43,436 - sparse_log - DEBUG - dealer_R_optimization
2022-04-22 13:55:43,445 - sparse_log - DEBUG - dealer_R_optimization ended.
2022-04-22 13:55:43,446 - sparse_log - DEBUG - dealer_R_optimization
2022-04-22 13:55:43,449 - sparse_log - DEBUG - dealer_R_optimization ended.
2022-04-22 13:55:43,450 - sparse_log - DEBUG - dealer_R_optimization
2022-04-22 13:55:43,457 - sparse_log - DEBUG - dealer_R_optimization ended.
2022-04-22 13:55:43,457 - sparse_log - DEBUG - dealer_R_optimization
2022-04-22 13:55:43,464 - sparse_log - DEBUG - dealer_R_optimization ended.
2022-04-22 13:55:43,465 - sparse_log - DEBUG - dealer_R_optimization
2022-04-22 13:55:43,534 - sparse_log - DEBUG - dealer_R_optimization ended.
2022-04-22 13:55:43,537 - sparse_log - DEBUG - dealer_R_optimization
2022-04-22 13:55:43,553 - sparse_log - DEBUG - dealer_R_optimization ended.
2022-04-22 13:55:43,553 - sparse_log - DEBUG - dealer_R_optimization
2022-04-22 13:55:43,584 - sparse_log - DEBUG - dealer_R_optimization ended.
2022-04-22 13:55:43,584 - sparse_log - DEBUG - dealer_R_optimization
2022-04-22 13:55:43,598 - sparse_log - DEBUG - dealer_R_optimization ended.
2022-04-22 13:55:43,598 - sparse_log - DEBUG - dealer_R_optimization
2022-04-22 13:55:43,628 - sparse_log - DEBUG - dealer_R_optimization ended.
2022-04-22 13:55:43,629 - sparse_log - DEBUG - dealer_R_optimization
2022-04-22 13:55:43,632 - sparse_log - DEBUG - dealer_R_optimization ended.
2022-04-22 13:55:43,632 - sparse_log - DEBUG - dealer_R_optimization
2022-04-22 13:55:43,777 - sparse_log - DEBUG - dealer_R_optimization ended.
2022-04-22 13:55:43,876 - sparse_log - DEBUG - Item: 11988555
2022-04-22 13:55:43,926 - sparse_log - DEBUG - dealer_R_optimization
2022-04-22 13:55:43,940 - sparse_log - DEBUG - dealer_R_optimization ended.
2022-04-22 13:55:43,943 - sparse_log - DEBUG - dealer_R_optimization
2022-04-22 13:55:43,948 - sparse_log - DEBUG - dealer_R_optimization ended.
2022-04-22 13:55:43,949 - sparse_log - DEBUG - dealer_R_optimization
2022-04-22 13:55:43,981 - sparse_log - DEBUG - dealer_R_optimization ended.
2022-04-22 13:55:43,981 - sparse_log - DEBUG - dealer_R_optimization
2022-04-22 13:55:44,017 - sparse_log - DEBUG - dealer_R_optimization ended.
2022-04-22 13:55:44,018 - sparse_log - DEBUG - dealer_R_optimization
2022-04-22 13:55:44,019 - sparse_log - DEBUG - dealer_R_optimization ended.
2022-04-22 13:55:44,033 - sparse_log - DEBUG - dealer_R_optimization
2022-04-22 13:55:44,036 - sparse_log - DEBUG - dealer_R_optimization ended.
2022-04-22 13:55:44,036 - sparse_log - DEBUG - dealer_R_optimization
2022-04-22 13:55:44,061 - sparse_log - DEBUG - dealer_R_optimization ended.
2022-04-22 13:55:44,064 - sparse_log - DEBUG - dealer_R_optimization
2022-04-22 13:55:44,077 - sparse_log - DEBUG - dealer_R_optimization ended.
2022-04-22 13:55:44,092 - sparse_log - DEBUG - dealer_R_optimization
2022-04-22 13:55:44,096 - sparse_log - DEBUG - dealer_R_optimization ended.
2022-04-22 13:55:44,099 - sparse_log - DEBUG - dealer_R_optimization
2022-04-22 13:55:44,100 - sparse_log - DEBUG - dealer_R_optimization ended.
2022-04-22 13:55:44,100 - sparse_log - DEBUG - dealer_R_optimization
2022-04-22 13:55:44,102 - sparse_log - DEBUG - dealer_R_optimization ended.
2022-04-22 13:55:44,102 - sparse_log - DEBUG - dealer_R_optimization
2022-04-22 13:55:44,211 - sparse_log - DEBUG - dealer_R_optimization ended.
2022-04-22 13:55:44,272 - sparse_log - DEBUG - Item: 13947627
2022-04-22 13:55:44,325 - sparse_log - DEBUG - dealer_R_optimization
2022-04-22 13:55:44,337 - sparse_log - DEBUG - dealer_R_optimization ended.
2022-04-22 13:55:44,338 - sparse_log - DEBUG - dealer_R_optimization
2022-04-22 13:55:44,340 - sparse_log - DEBUG - dealer_R_optimization ended.
2022-04-22 13:55:44,341 - sparse_log - DEBUG - dealer_R_optimization
2022-04-22 13:55:44,347 - sparse_log - DEBUG - dealer_R_optimization ended.
2022-04-22 13:55:44,347 - sparse_log - DEBUG - dealer_R_optimization
2022-04-22 13:55:44,348 - sparse_log - DEBUG - dealer_R_optimization ended.
2022-04-22 13:55:44,348 - sparse_log - DEBUG - dealer_R_optimization
2022-04-22 13:55:44,627 - sparse_log - DEBUG - dealer_R_optimization ended.
2022-04-22 13:55:44,628 - sparse_log - DEBUG - dealer_R_optimization
2022-04-22 13:55:44,633 - sparse_log - DEBUG - dealer_R_optimization ended.
2022-04-22 13:55:44,634 - sparse_log - DEBUG - dealer_R_optimization
2022-04-22 13:55:44,637 - sparse_log - DEBUG - dealer_R_optimization ended.
2022-04-22 13:55:44,637 - sparse_log - DEBUG - dealer_R_optimization
2022-04-22 13:55:44,648 - sparse_log - DEBUG - dealer_R_optimization ended.
2022-04-22 13:55:44,648 - sparse_log - DEBUG - dealer_R_optimization
2022-04-22 13:55:44,656 - sparse_log - DEBUG - dealer_R_optimization ended.
2022-04-22 13:55:44,656 - sparse_log - DEBUG - dealer_R_optimization
2022-04-22 13:55:44,658 - sparse_log - DEBUG - dealer_R_optimization ended.
2022-04-22 13:55:44,660 - sparse_log - DEBUG - dealer_R_optimization
2022-04-22 13:55:45,639 - sparse_log - DEBUG - dealer_R_optimization ended.
2022-04-22 13:55:45,695 - sparse_log - DEBUG - Item: 13947628
2022-04-22 13:55:45,901 - sparse_log - DEBUG - dealer_R_optimization
2022-04-22 13:55:45,954 - sparse_log - DEBUG - dealer_R_optimization ended.
2022-04-22 13:55:45,954 - sparse_log - DEBUG - dealer_R_optimization
2022-04-22 13:55:45,960 - sparse_log - DEBUG - dealer_R_optimization ended.
2022-04-22 13:55:45,960 - sparse_log - DEBUG - dealer_R_optimization
2022-04-22 13:55:45,968 - sparse_log - DEBUG - dealer_R_optimization ended.
2022-04-22 13:55:45,969 - sparse_log - DEBUG - dealer_R_optimization
2022-04-22 13:55:45,975 - sparse_log - DEBUG - dealer_R_optimization ended.
2022-04-22 13:55:45,977 - sparse_log - DEBUG - dealer_R_optimization
2022-04-22 13:55:45,979 - sparse_log - DEBUG - dealer_R_optimization ended.
2022-04-22 13:55:45,980 - sparse_log - DEBUG - dealer_R_optimization
2022-04-22 13:55:46,404 - sparse_log - DEBUG - dealer_R_optimization ended.
2022-04-22 13:55:46,406 - sparse_log - DEBUG - dealer_R_optimization
2022-04-22 13:55:46,459 - sparse_log - DEBUG - dealer_R_optimization ended.
2022-04-22 13:55:46,461 - sparse_log - DEBUG - dealer_R_optimization
2022-04-22 13:55:46,462 - sparse_log - DEBUG - dealer_R_optimization ended.
2022-04-22 13:55:46,463 - sparse_log - DEBUG - dealer_R_optimization
2022-04-22 13:55:46,475 - sparse_log - DEBUG - dealer_R_optimization ended.
2022-04-22 13:55:46,477 - sparse_log - DEBUG - dealer_R_optimization
2022-04-22 13:55:46,495 - sparse_log - DEBUG - dealer_R_optimization ended.
2022-04-22 13:55:46,496 - sparse_log - DEBUG - dealer_R_optimization
2022-04-22 13:55:46,529 - sparse_log - DEBUG - dealer_R_optimization ended.
2022-04-22 13:55:46,530 - sparse_log - DEBUG - dealer_R_optimization
2022-04-22 13:55:46,547 - sparse_log - DEBUG - dealer_R_optimization ended.
2022-04-22 13:55:46,547 - sparse_log - DEBUG - dealer_R_optimization
2022-04-22 13:55:49,151 - sparse_log - DEBUG - dealer_R_optimization ended.
2022-04-22 13:55:49,232 - sparse_log - DEBUG - Item: 13947630
2022-04-22 13:55:49,286 - sparse_log - DEBUG - dealer_R_optimization
2022-04-22 13:55:49,573 - sparse_log - DEBUG - dealer_R_optimization ended.
2022-04-22 13:55:49,573 - sparse_log - DEBUG - dealer_R_optimization
2022-04-22 13:55:49,576 - sparse_log - DEBUG - dealer_R_optimization ended.
2022-04-22 13:55:49,576 - sparse_log - DEBUG - dealer_R_optimization
2022-04-22 13:55:49,580 - sparse_log - DEBUG - dealer_R_optimization ended.
2022-04-22 13:55:49,580 - sparse_log - DEBUG - dealer_R_optimization
2022-04-22 13:55:49,654 - sparse_log - DEBUG - dealer_R_optimization ended.
2022-04-22 13:55:49,655 - sparse_log - DEBUG - dealer_R_optimization
2022-04-22 13:55:49,974 - sparse_log - DEBUG - dealer_R_optimization ended.
2022-04-22 13:55:49,974 - sparse_log - DEBUG - dealer_R_optimization
2022-04-22 13:55:49,978 - sparse_log - DEBUG - dealer_R_optimization ended.
2022-04-22 13:55:49,978 - sparse_log - DEBUG - dealer_R_optimization
2022-04-22 13:55:49,979 - sparse_log - DEBUG - dealer_R_optimization ended.
2022-04-22 13:55:49,979 - sparse_log - DEBUG - dealer_R_optimization
2022-04-22 13:55:49,985 - sparse_log - DEBUG - dealer_R_optimization ended.
2022-04-22 13:55:49,985 - sparse_log - DEBUG - dealer_R_optimization
2022-04-22 13:55:49,990 - sparse_log - DEBUG - dealer_R_optimization ended.
2022-04-22 13:55:49,990 - sparse_log - DEBUG - dealer_R_optimization
2022-04-22 13:55:49,992 - sparse_log - DEBUG - dealer_R_optimization ended.
2022-04-22 13:55:49,992 - sparse_log - DEBUG - dealer_R_optimization
2022-04-22 13:55:50,503 - sparse_log - DEBUG - dealer_R_optimization ended.
2022-04-22 13:55:50,560 - sparse_log - DEBUG - Item: 13960248
2022-04-22 13:55:50,560 - sparse_log - DEBUG - Item: 14503269
2022-04-22 13:55:50,919 - sparse_log - DEBUG - dealer_R_optimization
2022-04-22 13:55:50,932 - sparse_log - DEBUG - dealer_R_optimization ended.
2022-04-22 13:55:50,933 - sparse_log - DEBUG - dealer_R_optimization
2022-04-22 13:55:50,935 - sparse_log - DEBUG - dealer_R_optimization ended.
2022-04-22 13:55:50,935 - sparse_log - DEBUG - dealer_R_optimization
2022-04-22 13:55:50,941 - sparse_log - DEBUG - dealer_R_optimization ended.
2022-04-22 13:55:50,942 - sparse_log - DEBUG - dealer_R_optimization
2022-04-22 13:55:50,947 - sparse_log - DEBUG - dealer_R_optimization ended.
2022-04-22 13:55:50,948 - sparse_log - DEBUG - dealer_R_optimization
2022-04-22 13:55:50,951 - sparse_log - DEBUG - dealer_R_optimization ended.
2022-04-22 13:55:50,951 - sparse_log - DEBUG - dealer_R_optimization
2022-04-22 13:55:50,953 - sparse_log - DEBUG - dealer_R_optimization ended.
2022-04-22 13:55:50,954 - sparse_log - DEBUG - dealer_R_optimization
2022-04-22 13:55:50,959 - sparse_log - DEBUG - dealer_R_optimization ended.
2022-04-22 13:55:50,962 - sparse_log - DEBUG - dealer_R_optimization
2022-04-22 13:55:50,982 - sparse_log - DEBUG - dealer_R_optimization ended.
2022-04-22 13:55:50,982 - sparse_log - DEBUG - dealer_R_optimization
2022-04-22 13:55:50,988 - sparse_log - DEBUG - dealer_R_optimization ended.
2022-04-22 13:55:50,990 - sparse_log - DEBUG - dealer_R_optimization
2022-04-22 13:55:51,005 - sparse_log - DEBUG - dealer_R_optimization ended.
2022-04-22 13:55:51,005 - sparse_log - DEBUG - dealer_R_optimization
2022-04-22 13:55:51,010 - sparse_log - DEBUG - dealer_R_optimization ended.
2022-04-22 13:55:51,011 - sparse_log - DEBUG - dealer_R_optimization
2022-04-22 13:55:51,013 - sparse_log - DEBUG - dealer_R_optimization ended.
2022-04-22 13:55:51,013 - sparse_log - DEBUG - dealer_R_optimization
2022-04-22 13:55:51,015 - sparse_log - DEBUG - dealer_R_optimization ended.
2022-04-22 13:55:51,016 - sparse_log - DEBUG - dealer_R_optimization
2022-04-22 13:55:51,145 - sparse_log - DEBUG - dealer_R_optimization ended.
2022-04-22 13:55:51,299 - sparse_log - DEBUG - Item: 14508017
2022-04-22 13:55:51,399 - sparse_log - DEBUG - dealer_R_optimization
2022-04-22 13:55:51,403 - sparse_log - DEBUG - dealer_R_optimization ended.
2022-04-22 13:55:51,403 - sparse_log - DEBUG - dealer_R_optimization
2022-04-22 13:55:51,405 - sparse_log - DEBUG - dealer_R_optimization ended.
2022-04-22 13:55:51,405 - sparse_log - DEBUG - dealer_R_optimization
2022-04-22 13:55:51,412 - sparse_log - DEBUG - dealer_R_optimization ended.
2022-04-22 13:55:51,413 - sparse_log - DEBUG - dealer_R_optimization
2022-04-22 13:55:51,414 - sparse_log - DEBUG - dealer_R_optimization ended.
2022-04-22 13:55:51,414 - sparse_log - DEBUG - dealer_R_optimization
2022-04-22 13:55:51,416 - sparse_log - DEBUG - dealer_R_optimization ended.
2022-04-22 13:55:51,417 - sparse_log - DEBUG - dealer_R_optimization
2022-04-22 13:55:51,419 - sparse_log - DEBUG - dealer_R_optimization ended.
2022-04-22 13:55:51,420 - sparse_log - DEBUG - dealer_R_optimization
2022-04-22 13:55:51,420 - sparse_log - DEBUG - dealer_R_optimization ended.
2022-04-22 13:55:51,421 - sparse_log - DEBUG - dealer_R_optimization
2022-04-22 13:55:51,423 - sparse_log - DEBUG - dealer_R_optimization ended.
2022-04-22 13:55:51,429 - sparse_log - DEBUG - dealer_R_optimization
2022-04-22 13:55:51,446 - sparse_log - DEBUG - dealer_R_optimization ended.
2022-04-22 13:55:51,569 - sparse_log - DEBUG - Item: 14509379
2022-04-22 13:55:51,688 - sparse_log - DEBUG - dealer_R_optimization
2022-04-22 13:55:51,706 - sparse_log - DEBUG - dealer_R_optimization ended.
2022-04-22 13:55:51,712 - sparse_log - DEBUG - dealer_R_optimization
2022-04-22 13:55:51,716 - sparse_log - DEBUG - dealer_R_optimization ended.
2022-04-22 13:55:51,716 - sparse_log - DEBUG - dealer_R_optimization
2022-04-22 13:55:51,722 - sparse_log - DEBUG - dealer_R_optimization ended.
2022-04-22 13:55:51,723 - sparse_log - DEBUG - dealer_R_optimization
2022-04-22 13:55:51,729 - sparse_log - DEBUG - dealer_R_optimization ended.
2022-04-22 13:55:51,730 - sparse_log - DEBUG - dealer_R_optimization
2022-04-22 13:55:51,732 - sparse_log - DEBUG - dealer_R_optimization ended.
2022-04-22 13:55:51,732 - sparse_log - DEBUG - dealer_R_optimization
2022-04-22 13:55:51,733 - sparse_log - DEBUG - dealer_R_optimization ended.
2022-04-22 13:55:51,734 - sparse_log - DEBUG - dealer_R_optimization
2022-04-22 13:55:51,736 - sparse_log - DEBUG - dealer_R_optimization ended.
2022-04-22 13:55:51,736 - sparse_log - DEBUG - dealer_R_optimization
2022-04-22 13:55:51,739 - sparse_log - DEBUG - dealer_R_optimization ended.
2022-04-22 13:55:51,743 - sparse_log - DEBUG - dealer_R_optimization
2022-04-22 13:55:51,745 - sparse_log - DEBUG - dealer_R_optimization ended.
2022-04-22 13:55:51,746 - sparse_log - DEBUG - dealer_R_optimization
2022-04-22 13:55:51,756 - sparse_log - DEBUG - dealer_R_optimization ended.
2022-04-22 13:55:51,756 - sparse_log - DEBUG - dealer_R_optimization
2022-04-22 13:55:51,765 - sparse_log - DEBUG - dealer_R_optimization ended.
2022-04-22 13:55:51,765 - sparse_log - DEBUG - dealer_R_optimization
2022-04-22 13:55:51,766 - sparse_log - DEBUG - dealer_R_optimization ended.
2022-04-22 13:55:51,767 - sparse_log - DEBUG - dealer_R_optimization
2022-04-22 13:55:51,770 - sparse_log - DEBUG - dealer_R_optimization ended.
2022-04-22 13:55:51,770 - sparse_log - DEBUG - dealer_R_optimization
2022-04-22 13:55:51,852 - sparse_log - DEBUG - dealer_R_optimization ended.
2022-04-22 13:55:51,946 - sparse_log - DEBUG - Item: 14511215
2022-04-22 13:55:52,005 - sparse_log - DEBUG - dealer_R_optimization
2022-04-22 13:55:52,143 - sparse_log - DEBUG - dealer_R_optimization ended.
2022-04-22 13:55:52,143 - sparse_log - DEBUG - dealer_R_optimization
2022-04-22 13:55:52,143 - sparse_log - DEBUG - dealer_R_optimization ended.
2022-04-22 13:55:52,145 - sparse_log - DEBUG - dealer_R_optimization
2022-04-22 13:55:52,146 - sparse_log - DEBUG - dealer_R_optimization ended.
2022-04-22 13:55:52,146 - sparse_log - DEBUG - dealer_R_optimization
2022-04-22 13:55:52,150 - sparse_log - DEBUG - dealer_R_optimization ended.
2022-04-22 13:55:52,150 - sparse_log - DEBUG - dealer_R_optimization
2022-04-22 13:55:52,153 - sparse_log - DEBUG - dealer_R_optimization ended.
2022-04-22 13:55:52,153 - sparse_log - DEBUG - dealer_R_optimization
2022-04-22 13:55:52,168 - sparse_log - DEBUG - dealer_R_optimization ended.
2022-04-22 13:55:52,212 - sparse_log - DEBUG - dealer_R_optimization
2022-04-22 13:55:52,237 - sparse_log - DEBUG - dealer_R_optimization ended.
2022-04-22 13:55:52,237 - sparse_log - DEBUG - dealer_R_optimization
2022-04-22 13:55:52,239 - sparse_log - DEBUG - dealer_R_optimization ended.
2022-04-22 13:55:52,239 - sparse_log - DEBUG - dealer_R_optimization
2022-04-22 13:55:52,245 - sparse_log - DEBUG - dealer_R_optimization ended.
2022-04-22 13:55:52,245 - sparse_log - DEBUG - dealer_R_optimization
2022-04-22 13:55:52,254 - sparse_log - DEBUG - dealer_R_optimization ended.
2022-04-22 13:55:52,254 - sparse_log - DEBUG - dealer_R_optimization
2022-04-22 13:55:52,272 - sparse_log - DEBUG - dealer_R_optimization ended.
2022-04-22 13:55:52,273 - sparse_log - DEBUG - dealer_R_optimization
2022-04-22 13:55:52,283 - sparse_log - DEBUG - dealer_R_optimization ended.
2022-04-22 13:55:52,287 - sparse_log - DEBUG - dealer_R_optimization
2022-04-22 13:55:52,973 - sparse_log - DEBUG - dealer_R_optimization ended.
2022-04-22 13:55:53,057 - sparse_log - DEBUG - Item: 14519261
2022-04-22 13:55:53,136 - sparse_log - DEBUG - dealer_R_optimization
2022-04-22 13:55:53,139 - sparse_log - DEBUG - dealer_R_optimization ended.
2022-04-22 13:55:53,139 - sparse_log - DEBUG - dealer_R_optimization
2022-04-22 13:55:53,141 - sparse_log - DEBUG - dealer_R_optimization ended.
2022-04-22 13:55:53,141 - sparse_log - DEBUG - dealer_R_optimization
2022-04-22 13:55:53,147 - sparse_log - DEBUG - dealer_R_optimization ended.
2022-04-22 13:55:53,149 - sparse_log - DEBUG - dealer_R_optimization
2022-04-22 13:55:53,157 - sparse_log - DEBUG - dealer_R_optimization ended.
2022-04-22 13:55:53,158 - sparse_log - DEBUG - dealer_R_optimization
2022-04-22 13:55:53,159 - sparse_log - DEBUG - dealer_R_optimization ended.
2022-04-22 13:55:53,159 - sparse_log - DEBUG - dealer_R_optimization
2022-04-22 13:55:53,162 - sparse_log - DEBUG - dealer_R_optimization ended.
2022-04-22 13:55:53,162 - sparse_log - DEBUG - dealer_R_optimization
2022-04-22 13:55:53,181 - sparse_log - DEBUG - dealer_R_optimization ended.
2022-04-22 13:55:53,181 - sparse_log - DEBUG - dealer_R_optimization
2022-04-22 13:55:53,184 - sparse_log - DEBUG - dealer_R_optimization ended.
2022-04-22 13:55:53,184 - sparse_log - DEBUG - dealer_R_optimization
2022-04-22 13:55:53,198 - sparse_log - DEBUG - dealer_R_optimization ended.
2022-04-22 13:55:53,199 - sparse_log - DEBUG - dealer_R_optimization
2022-04-22 13:55:53,202 - sparse_log - DEBUG - dealer_R_optimization ended.
2022-04-22 13:55:53,202 - sparse_log - DEBUG - dealer_R_optimization
2022-04-22 13:55:53,616 - sparse_log - DEBUG - dealer_R_optimization ended.
2022-04-22 13:55:53,717 - sparse_log - DEBUG - Item: 14524170
2022-04-22 13:55:53,837 - sparse_log - DEBUG - dealer_R_optimization
2022-04-22 13:55:53,873 - sparse_log - DEBUG - dealer_R_optimization ended.
2022-04-22 13:55:53,880 - sparse_log - DEBUG - dealer_R_optimization
2022-04-22 13:55:53,898 - sparse_log - DEBUG - dealer_R_optimization ended.
2022-04-22 13:55:53,898 - sparse_log - DEBUG - dealer_R_optimization
2022-04-22 13:55:53,922 - sparse_log - DEBUG - dealer_R_optimization ended.
2022-04-22 13:55:53,923 - sparse_log - DEBUG - dealer_R_optimization
2022-04-22 13:55:54,024 - sparse_log - DEBUG - dealer_R_optimization ended.
2022-04-22 13:55:54,040 - sparse_log - DEBUG - dealer_R_optimization
2022-04-22 13:55:54,041 - sparse_log - DEBUG - dealer_R_optimization ended.
2022-04-22 13:55:54,041 - sparse_log - DEBUG - dealer_R_optimization
2022-04-22 13:55:54,051 - sparse_log - DEBUG - dealer_R_optimization ended.
2022-04-22 13:55:54,064 - sparse_log - DEBUG - dealer_R_optimization
2022-04-22 13:55:54,069 - sparse_log - DEBUG - dealer_R_optimization ended.
2022-04-22 13:55:54,070 - sparse_log - DEBUG - dealer_R_optimization
2022-04-22 13:55:54,074 - sparse_log - DEBUG - dealer_R_optimization ended.
2022-04-22 13:55:54,074 - sparse_log - DEBUG - dealer_R_optimization
2022-04-22 13:55:54,088 - sparse_log - DEBUG - dealer_R_optimization ended.
2022-04-22 13:55:54,088 - sparse_log - DEBUG - dealer_R_optimization
2022-04-22 13:55:54,111 - sparse_log - DEBUG - dealer_R_optimization ended.
2022-04-22 13:55:54,114 - sparse_log - DEBUG - dealer_R_optimization
2022-04-22 13:55:54,116 - sparse_log - DEBUG - dealer_R_optimization ended.
2022-04-22 13:55:54,118 - sparse_log - DEBUG - dealer_R_optimization
2022-04-22 13:55:54,120 - sparse_log - DEBUG - dealer_R_optimization ended.
2022-04-22 13:55:54,121 - sparse_log - DEBUG - dealer_R_optimization
2022-04-22 13:55:54,124 - sparse_log - DEBUG - dealer_R_optimization ended.
2022-04-22 13:55:54,127 - sparse_log - DEBUG - dealer_R_optimization
2022-04-22 13:55:54,436 - sparse_log - DEBUG - dealer_R_optimization ended.
2022-04-22 13:55:54,505 - sparse_log - DEBUG - Item: 14524171
2022-04-22 13:55:54,562 - sparse_log - DEBUG - dealer_R_optimization
2022-04-22 13:55:54,566 - sparse_log - DEBUG - dealer_R_optimization ended.
2022-04-22 13:55:54,567 - sparse_log - DEBUG - dealer_R_optimization
2022-04-22 13:55:54,570 - sparse_log - DEBUG - dealer_R_optimization ended.
2022-04-22 13:55:54,570 - sparse_log - DEBUG - dealer_R_optimization
2022-04-22 13:55:54,578 - sparse_log - DEBUG - dealer_R_optimization ended.
2022-04-22 13:55:54,578 - sparse_log - DEBUG - dealer_R_optimization
2022-04-22 13:55:54,579 - sparse_log - DEBUG - dealer_R_optimization ended.
2022-04-22 13:55:54,584 - sparse_log - DEBUG - dealer_R_optimization
2022-04-22 13:55:54,589 - sparse_log - DEBUG - dealer_R_optimization ended.
2022-04-22 13:55:54,590 - sparse_log - DEBUG - dealer_R_optimization
2022-04-22 13:55:54,598 - sparse_log - DEBUG - dealer_R_optimization ended.
2022-04-22 13:55:54,598 - sparse_log - DEBUG - dealer_R_optimization
2022-04-22 13:55:54,604 - sparse_log - DEBUG - dealer_R_optimization ended.
2022-04-22 13:55:54,604 - sparse_log - DEBUG - dealer_R_optimization
2022-04-22 13:55:54,615 - sparse_log - DEBUG - dealer_R_optimization ended.
2022-04-22 13:55:54,616 - sparse_log - DEBUG - dealer_R_optimization
2022-04-22 13:55:54,641 - sparse_log - DEBUG - dealer_R_optimization ended.
2022-04-22 13:55:54,707 - sparse_log - DEBUG - Item: 14596399
2022-04-22 13:55:54,785 - sparse_log - DEBUG - dealer_R_optimization
2022-04-22 13:55:54,797 - sparse_log - DEBUG - dealer_R_optimization ended.
2022-04-22 13:55:54,797 - sparse_log - DEBUG - dealer_R_optimization
2022-04-22 13:55:54,801 - sparse_log - DEBUG - dealer_R_optimization ended.
2022-04-22 13:55:54,803 - sparse_log - DEBUG - dealer_R_optimization
2022-04-22 13:55:54,807 - sparse_log - DEBUG - dealer_R_optimization ended.
2022-04-22 13:55:54,815 - sparse_log - DEBUG - dealer_R_optimization
2022-04-22 13:55:54,817 - sparse_log - DEBUG - dealer_R_optimization ended.
2022-04-22 13:55:54,817 - sparse_log - DEBUG - dealer_R_optimization
2022-04-22 13:55:54,818 - sparse_log - DEBUG - dealer_R_optimization ended.
2022-04-22 13:55:54,819 - sparse_log - DEBUG - dealer_R_optimization
2022-04-22 13:55:54,833 - sparse_log - DEBUG - dealer_R_optimization ended.
2022-04-22 13:55:54,834 - sparse_log - DEBUG - dealer_R_optimization
2022-04-22 13:55:54,840 - sparse_log - DEBUG - dealer_R_optimization ended.
2022-04-22 13:55:54,841 - sparse_log - DEBUG - dealer_R_optimization
2022-04-22 13:55:54,849 - sparse_log - DEBUG - dealer_R_optimization ended.
2022-04-22 13:55:54,849 - sparse_log - DEBUG - dealer_R_optimization
2022-04-22 13:55:54,869 - sparse_log - DEBUG - dealer_R_optimization ended.
2022-04-22 13:55:54,869 - sparse_log - DEBUG - dealer_R_optimization
2022-04-22 13:55:54,913 - sparse_log - DEBUG - dealer_R_optimization ended.
2022-04-22 13:55:54,913 - sparse_log - DEBUG - dealer_R_optimization
2022-04-22 13:55:54,924 - sparse_log - DEBUG - dealer_R_optimization ended.
2022-04-22 13:55:54,924 - sparse_log - DEBUG - dealer_R_optimization
2022-04-22 13:55:54,975 - sparse_log - DEBUG - dealer_R_optimization ended.
2022-04-22 13:55:54,975 - sparse_log - DEBUG - dealer_R_optimization
2022-04-22 13:55:55,168 - sparse_log - DEBUG - dealer_R_optimization ended.
2022-04-22 13:55:55,265 - sparse_log - DEBUG - Item: 14622355
2022-04-22 13:55:55,326 - sparse_log - DEBUG - dealer_R_optimization
2022-04-22 13:55:55,990 - sparse_log - DEBUG - dealer_R_optimization ended.
2022-04-22 13:55:55,990 - sparse_log - DEBUG - dealer_R_optimization
2022-04-22 13:55:56,001 - sparse_log - DEBUG - dealer_R_optimization ended.
2022-04-22 13:55:56,031 - sparse_log - DEBUG - dealer_R_optimization
2022-04-22 13:55:56,040 - sparse_log - DEBUG - dealer_R_optimization ended.
2022-04-22 13:55:56,041 - sparse_log - DEBUG - dealer_R_optimization
2022-04-22 13:55:56,042 - sparse_log - DEBUG - dealer_R_optimization ended.
2022-04-22 13:55:56,042 - sparse_log - DEBUG - dealer_R_optimization
2022-04-22 13:55:56,049 - sparse_log - DEBUG - dealer_R_optimization ended.
2022-04-22 13:55:56,049 - sparse_log - DEBUG - dealer_R_optimization
2022-04-22 13:55:56,055 - sparse_log - DEBUG - dealer_R_optimization ended.
2022-04-22 13:55:56,057 - sparse_log - DEBUG - dealer_R_optimization
2022-04-22 13:55:56,079 - sparse_log - DEBUG - dealer_R_optimization ended.
2022-04-22 13:55:56,080 - sparse_log - DEBUG - dealer_R_optimization
2022-04-22 13:55:56,080 - sparse_log - DEBUG - dealer_R_optimization ended.
2022-04-22 13:55:56,082 - sparse_log - DEBUG - dealer_R_optimization
2022-04-22 13:55:56,084 - sparse_log - DEBUG - dealer_R_optimization ended.
2022-04-22 13:55:56,085 - sparse_log - DEBUG - dealer_R_optimization
2022-04-22 13:55:56,088 - sparse_log - DEBUG - dealer_R_optimization ended.
2022-04-22 13:55:56,089 - sparse_log - DEBUG - dealer_R_optimization
2022-04-22 13:55:56,092 - sparse_log - DEBUG - dealer_R_optimization ended.
2022-04-22 13:55:56,092 - sparse_log - DEBUG - dealer_R_optimization
2022-04-22 13:55:56,103 - sparse_log - DEBUG - dealer_R_optimization ended.
2022-04-22 13:55:56,103 - sparse_log - DEBUG - dealer_R_optimization
2022-04-22 13:55:56,118 - sparse_log - DEBUG - dealer_R_optimization ended.
2022-04-22 13:55:56,119 - sparse_log - DEBUG - dealer_R_optimization
2022-04-22 13:55:57,584 - sparse_log - DEBUG - dealer_R_optimization ended.
2022-04-22 13:55:57,682 - sparse_log - DEBUG - Item: 14688861
2022-04-22 13:55:57,785 - sparse_log - DEBUG - dealer_R_optimization
2022-04-22 13:55:57,819 - sparse_log - DEBUG - dealer_R_optimization ended.
2022-04-22 13:55:57,819 - sparse_log - DEBUG - dealer_R_optimization
2022-04-22 13:55:57,823 - sparse_log - DEBUG - dealer_R_optimization ended.
2022-04-22 13:55:57,823 - sparse_log - DEBUG - dealer_R_optimization
2022-04-22 13:55:57,835 - sparse_log - DEBUG - dealer_R_optimization ended.
2022-04-22 13:55:57,835 - sparse_log - DEBUG - dealer_R_optimization
2022-04-22 13:55:57,838 - sparse_log - DEBUG - dealer_R_optimization ended.
2022-04-22 13:55:57,838 - sparse_log - DEBUG - dealer_R_optimization
2022-04-22 13:55:57,840 - sparse_log - DEBUG - dealer_R_optimization ended.
2022-04-22 13:55:57,840 - sparse_log - DEBUG - dealer_R_optimization
2022-04-22 13:55:57,852 - sparse_log - DEBUG - dealer_R_optimization ended.
2022-04-22 13:55:57,852 - sparse_log - DEBUG - dealer_R_optimization
2022-04-22 13:55:57,869 - sparse_log - DEBUG - dealer_R_optimization ended.
2022-04-22 13:55:57,869 - sparse_log - DEBUG - dealer_R_optimization
2022-04-22 13:55:57,869 - sparse_log - DEBUG - dealer_R_optimization ended.
2022-04-22 13:55:57,870 - sparse_log - DEBUG - dealer_R_optimization
2022-04-22 13:55:57,871 - sparse_log - DEBUG - dealer_R_optimization ended.
2022-04-22 13:55:57,871 - sparse_log - DEBUG - dealer_R_optimization
2022-04-22 13:55:57,873 - sparse_log - DEBUG - dealer_R_optimization ended.
2022-04-22 13:55:57,874 - sparse_log - DEBUG - dealer_R_optimization
2022-04-22 13:55:57,876 - sparse_log - DEBUG - dealer_R_optimization ended.
2022-04-22 13:55:57,876 - sparse_log - DEBUG - dealer_R_optimization
2022-04-22 13:55:57,885 - sparse_log - DEBUG - dealer_R_optimization ended.
2022-04-22 13:55:57,885 - sparse_log - DEBUG - dealer_R_optimization
2022-04-22 13:55:57,887 - sparse_log - DEBUG - dealer_R_optimization ended.
2022-04-22 13:55:57,888 - sparse_log - DEBUG - dealer_R_optimization
2022-04-22 13:55:59,323 - sparse_log - DEBUG - dealer_R_optimization ended.
2022-04-22 13:55:59,392 - sparse_log - DEBUG - Item: 14689735
2022-04-22 13:55:59,452 - sparse_log - DEBUG - dealer_R_optimization
2022-04-22 13:55:59,657 - sparse_log - DEBUG - dealer_R_optimization ended.
2022-04-22 13:55:59,658 - sparse_log - DEBUG - dealer_R_optimization
2022-04-22 13:55:59,684 - sparse_log - DEBUG - dealer_R_optimization ended.
2022-04-22 13:55:59,684 - sparse_log - DEBUG - dealer_R_optimization
2022-04-22 13:55:59,693 - sparse_log - DEBUG - dealer_R_optimization ended.
2022-04-22 13:55:59,693 - sparse_log - DEBUG - dealer_R_optimization
2022-04-22 13:55:59,702 - sparse_log - DEBUG - dealer_R_optimization ended.
2022-04-22 13:55:59,704 - sparse_log - DEBUG - dealer_R_optimization
2022-04-22 13:55:59,707 - sparse_log - DEBUG - dealer_R_optimization ended.
2022-04-22 13:55:59,708 - sparse_log - DEBUG - dealer_R_optimization
2022-04-22 13:55:59,719 - sparse_log - DEBUG - dealer_R_optimization ended.
2022-04-22 13:55:59,720 - sparse_log - DEBUG - dealer_R_optimization
2022-04-22 13:55:59,741 - sparse_log - DEBUG - dealer_R_optimization ended.
2022-04-22 13:55:59,742 - sparse_log - DEBUG - dealer_R_optimization
2022-04-22 13:55:59,744 - sparse_log - DEBUG - dealer_R_optimization ended.
2022-04-22 13:55:59,744 - sparse_log - DEBUG - dealer_R_optimization
2022-04-22 13:55:59,755 - sparse_log - DEBUG - dealer_R_optimization ended.
2022-04-22 13:55:59,755 - sparse_log - DEBUG - dealer_R_optimization
2022-04-22 13:55:59,759 - sparse_log - DEBUG - dealer_R_optimization ended.
2022-04-22 13:55:59,759 - sparse_log - DEBUG - dealer_R_optimization
2022-04-22 13:55:59,772 - sparse_log - DEBUG - dealer_R_optimization ended.
2022-04-22 13:55:59,773 - sparse_log - DEBUG - dealer_R_optimization
2022-04-22 13:55:59,785 - sparse_log - DEBUG - dealer_R_optimization ended.
2022-04-22 13:55:59,785 - sparse_log - DEBUG - dealer_R_optimization
2022-04-22 13:55:59,789 - sparse_log - DEBUG - dealer_R_optimization ended.
2022-04-22 13:55:59,790 - sparse_log - DEBUG - dealer_R_optimization
2022-04-22 13:56:01,812 - sparse_log - DEBUG - dealer_R_optimization ended.
2022-04-22 13:56:01,987 - sparse_log - DEBUG - Item: 14690316
2022-04-22 13:56:02,225 - sparse_log - DEBUG - dealer_R_optimization
2022-04-22 13:56:02,292 - sparse_log - DEBUG - dealer_R_optimization ended.
2022-04-22 13:56:02,293 - sparse_log - DEBUG - dealer_R_optimization
2022-04-22 13:56:02,296 - sparse_log - DEBUG - dealer_R_optimization ended.
2022-04-22 13:56:02,300 - sparse_log - DEBUG - dealer_R_optimization
2022-04-22 13:56:02,307 - sparse_log - DEBUG - dealer_R_optimization ended.
2022-04-22 13:56:02,309 - sparse_log - DEBUG - dealer_R_optimization
2022-04-22 13:56:02,317 - sparse_log - DEBUG - dealer_R_optimization ended.
2022-04-22 13:56:02,318 - sparse_log - DEBUG - dealer_R_optimization
2022-04-22 13:56:02,325 - sparse_log - DEBUG - dealer_R_optimization ended.
2022-04-22 13:56:02,326 - sparse_log - DEBUG - dealer_R_optimization
2022-04-22 13:56:02,345 - sparse_log - DEBUG - dealer_R_optimization ended.
2022-04-22 13:56:02,349 - sparse_log - DEBUG - dealer_R_optimization
2022-04-22 13:56:02,353 - sparse_log - DEBUG - dealer_R_optimization ended.
2022-04-22 13:56:02,493 - sparse_log - DEBUG - dealer_R_optimization
2022-04-22 13:56:02,496 - sparse_log - DEBUG - dealer_R_optimization ended.
2022-04-22 13:56:02,496 - sparse_log - DEBUG - dealer_R_optimization
2022-04-22 13:56:02,501 - sparse_log - DEBUG - dealer_R_optimization ended.
2022-04-22 13:56:02,502 - sparse_log - DEBUG - dealer_R_optimization
2022-04-22 13:56:02,510 - sparse_log - DEBUG - dealer_R_optimization ended.
2022-04-22 13:56:02,510 - sparse_log - DEBUG - dealer_R_optimization
2022-04-22 13:56:02,525 - sparse_log - DEBUG - dealer_R_optimization ended.
2022-04-22 13:56:02,527 - sparse_log - DEBUG - dealer_R_optimization
2022-04-22 13:56:03,126 - sparse_log - DEBUG - dealer_R_optimization ended.
2022-04-22 13:56:03,215 - sparse_log - DEBUG - Item: 14711981
2022-04-22 13:56:03,310 - sparse_log - DEBUG - dealer_R_optimization
2022-04-22 13:56:03,476 - sparse_log - DEBUG - dealer_R_optimization ended.
2022-04-22 13:56:03,476 - sparse_log - DEBUG - dealer_R_optimization
2022-04-22 13:56:03,488 - sparse_log - DEBUG - dealer_R_optimization ended.
2022-04-22 13:56:03,489 - sparse_log - DEBUG - dealer_R_optimization
2022-04-22 13:56:03,502 - sparse_log - DEBUG - dealer_R_optimization ended.
2022-04-22 13:56:03,504 - sparse_log - DEBUG - dealer_R_optimization
2022-04-22 13:56:03,508 - sparse_log - DEBUG - dealer_R_optimization ended.
2022-04-22 13:56:03,508 - sparse_log - DEBUG - dealer_R_optimization
2022-04-22 13:56:03,509 - sparse_log - DEBUG - dealer_R_optimization ended.
2022-04-22 13:56:03,509 - sparse_log - DEBUG - dealer_R_optimization
2022-04-22 13:56:03,512 - sparse_log - DEBUG - dealer_R_optimization ended.
2022-04-22 13:56:03,515 - sparse_log - DEBUG - dealer_R_optimization
2022-04-22 13:56:03,534 - sparse_log - DEBUG - dealer_R_optimization ended.
2022-04-22 13:56:03,535 - sparse_log - DEBUG - dealer_R_optimization
2022-04-22 13:56:03,538 - sparse_log - DEBUG - dealer_R_optimization ended.
2022-04-22 13:56:03,538 - sparse_log - DEBUG - dealer_R_optimization
2022-04-22 13:56:03,540 - sparse_log - DEBUG - dealer_R_optimization ended.
2022-04-22 13:56:03,541 - sparse_log - DEBUG - dealer_R_optimization
2022-04-22 13:56:03,543 - sparse_log - DEBUG - dealer_R_optimization ended.
2022-04-22 13:56:03,543 - sparse_log - DEBUG - dealer_R_optimization
2022-04-22 13:56:03,550 - sparse_log - DEBUG - dealer_R_optimization ended.
2022-04-22 13:56:03,550 - sparse_log - DEBUG - dealer_R_optimization
2022-04-22 13:56:03,554 - sparse_log - DEBUG - dealer_R_optimization ended.
2022-04-22 13:56:03,554 - sparse_log - DEBUG - dealer_R_optimization
2022-04-22 13:56:03,559 - sparse_log - DEBUG - dealer_R_optimization ended.
2022-04-22 13:56:03,559 - sparse_log - DEBUG - dealer_R_optimization
2022-04-22 13:56:05,174 - sparse_log - DEBUG - dealer_R_optimization ended.
2022-04-22 13:56:05,323 - sparse_log - DEBUG - Item: 14750657
2022-04-22 13:56:05,399 - sparse_log - DEBUG - dealer_R_optimization
2022-04-22 13:56:05,477 - sparse_log - DEBUG - dealer_R_optimization ended.
2022-04-22 13:56:05,478 - sparse_log - DEBUG - dealer_R_optimization
2022-04-22 13:56:05,486 - sparse_log - DEBUG - dealer_R_optimization ended.
2022-04-22 13:56:05,493 - sparse_log - DEBUG - dealer_R_optimization
2022-04-22 13:56:05,503 - sparse_log - DEBUG - dealer_R_optimization ended.
2022-04-22 13:56:05,509 - sparse_log - DEBUG - dealer_R_optimization
2022-04-22 13:56:05,556 - sparse_log - DEBUG - dealer_R_optimization ended.
2022-04-22 13:56:05,559 - sparse_log - DEBUG - dealer_R_optimization
2022-04-22 13:56:05,561 - sparse_log - DEBUG - dealer_R_optimization ended.
2022-04-22 13:56:05,569 - sparse_log - DEBUG - dealer_R_optimization
2022-04-22 13:56:05,623 - sparse_log - DEBUG - dealer_R_optimization ended.
2022-04-22 13:56:05,623 - sparse_log - DEBUG - dealer_R_optimization
2022-04-22 13:56:05,744 - sparse_log - DEBUG - dealer_R_optimization ended.
2022-04-22 13:56:05,744 - sparse_log - DEBUG - dealer_R_optimization
2022-04-22 13:56:05,752 - sparse_log - DEBUG - dealer_R_optimization ended.
2022-04-22 13:56:05,753 - sparse_log - DEBUG - dealer_R_optimization
2022-04-22 13:56:05,756 - sparse_log - DEBUG - dealer_R_optimization ended.
2022-04-22 13:56:05,757 - sparse_log - DEBUG - dealer_R_optimization
2022-04-22 13:56:05,761 - sparse_log - DEBUG - dealer_R_optimization ended.
2022-04-22 13:56:05,766 - sparse_log - DEBUG - dealer_R_optimization
2022-04-22 13:56:05,805 - sparse_log - DEBUG - dealer_R_optimization ended.
2022-04-22 13:56:05,809 - sparse_log - DEBUG - dealer_R_optimization
2022-04-22 13:56:05,827 - sparse_log - DEBUG - dealer_R_optimization ended.
2022-04-22 13:56:05,843 - sparse_log - DEBUG - dealer_R_optimization
2022-04-22 13:56:07,259 - sparse_log - DEBUG - dealer_R_optimization ended.
2022-04-22 13:56:07,339 - sparse_log - DEBUG - Item: 14881276
2022-04-22 13:56:07,389 - sparse_log - DEBUG - dealer_R_optimization
2022-04-22 13:56:07,406 - sparse_log - DEBUG - dealer_R_optimization ended.
2022-04-22 13:56:07,407 - sparse_log - DEBUG - dealer_R_optimization
2022-04-22 13:56:07,412 - sparse_log - DEBUG - dealer_R_optimization ended.
2022-04-22 13:56:07,413 - sparse_log - DEBUG - dealer_R_optimization
2022-04-22 13:56:07,418 - sparse_log - DEBUG - dealer_R_optimization ended.
2022-04-22 13:56:07,418 - sparse_log - DEBUG - dealer_R_optimization
2022-04-22 13:56:07,564 - sparse_log - DEBUG - dealer_R_optimization ended.
2022-04-22 13:56:07,564 - sparse_log - DEBUG - dealer_R_optimization
2022-04-22 13:56:07,568 - sparse_log - DEBUG - dealer_R_optimization ended.
2022-04-22 13:56:07,568 - sparse_log - DEBUG - dealer_R_optimization
2022-04-22 13:56:07,573 - sparse_log - DEBUG - dealer_R_optimization ended.
2022-04-22 13:56:07,575 - sparse_log - DEBUG - dealer_R_optimization
2022-04-22 13:56:07,579 - sparse_log - DEBUG - dealer_R_optimization ended.
2022-04-22 13:56:07,580 - sparse_log - DEBUG - dealer_R_optimization
2022-04-22 13:56:07,615 - sparse_log - DEBUG - dealer_R_optimization ended.
2022-04-22 13:56:07,616 - sparse_log - DEBUG - dealer_R_optimization
2022-04-22 13:56:07,618 - sparse_log - DEBUG - dealer_R_optimization ended.
2022-04-22 13:56:07,618 - sparse_log - DEBUG - dealer_R_optimization
2022-04-22 13:56:07,621 - sparse_log - DEBUG - dealer_R_optimization ended.
2022-04-22 13:56:07,621 - sparse_log - DEBUG - dealer_R_optimization
2022-04-22 13:56:07,623 - sparse_log - DEBUG - dealer_R_optimization ended.
2022-04-22 13:56:07,624 - sparse_log - DEBUG - dealer_R_optimization
2022-04-22 13:56:07,628 - sparse_log - DEBUG - dealer_R_optimization ended.
2022-04-22 13:56:07,628 - sparse_log - DEBUG - dealer_R_optimization
2022-04-22 13:56:07,633 - sparse_log - DEBUG - dealer_R_optimization ended.
2022-04-22 13:56:07,633 - sparse_log - DEBUG - dealer_R_optimization
2022-04-22 13:56:07,811 - sparse_log - DEBUG - dealer_R_optimization ended.
2022-04-22 13:56:07,988 - sparse_log - DEBUG - Item: 15052786
2022-04-22 13:56:07,988 - sparse_log - DEBUG - Item: 15073006
2022-04-22 13:56:07,988 - sparse_log - DEBUG - Item: 15126069
2022-04-22 13:56:07,988 - sparse_log - DEBUG - Item: 15188150
2022-04-22 13:56:07,988 - sparse_log - DEBUG - Item: 1522293
2022-04-22 13:56:08,080 - sparse_log - DEBUG - dealer_R_optimization
2022-04-22 13:56:08,088 - sparse_log - DEBUG - dealer_R_optimization ended.
2022-04-22 13:56:08,088 - sparse_log - DEBUG - dealer_R_optimization
2022-04-22 13:56:08,089 - sparse_log - DEBUG - dealer_R_optimization ended.
2022-04-22 13:56:08,090 - sparse_log - DEBUG - dealer_R_optimization
2022-04-22 13:56:08,093 - sparse_log - DEBUG - dealer_R_optimization ended.
2022-04-22 13:56:08,093 - sparse_log - DEBUG - dealer_R_optimization
2022-04-22 13:56:08,104 - sparse_log - DEBUG - dealer_R_optimization ended.
2022-04-22 13:56:08,104 - sparse_log - DEBUG - dealer_R_optimization
2022-04-22 13:56:08,105 - sparse_log - DEBUG - dealer_R_optimization ended.
2022-04-22 13:56:08,106 - sparse_log - DEBUG - dealer_R_optimization
2022-04-22 13:56:08,107 - sparse_log - DEBUG - dealer_R_optimization ended.
2022-04-22 13:56:08,108 - sparse_log - DEBUG - dealer_R_optimization
2022-04-22 13:56:08,112 - sparse_log - DEBUG - dealer_R_optimization ended.
2022-04-22 13:56:08,112 - sparse_log - DEBUG - dealer_R_optimization
2022-04-22 13:56:08,163 - sparse_log - DEBUG - dealer_R_optimization ended.
2022-04-22 13:56:08,167 - sparse_log - DEBUG - dealer_R_optimization
2022-04-22 13:56:08,172 - sparse_log - DEBUG - dealer_R_optimization ended.
2022-04-22 13:56:08,172 - sparse_log - DEBUG - dealer_R_optimization
2022-04-22 13:56:08,345 - sparse_log - DEBUG - dealer_R_optimization ended.
